#
# A fatal error has been detected by the Java Runtime Environment:
#
#  EXCEPTION_ACCESS_VIOLATION (0xc0000005) at pc=0x00007ffb5f079d39, pid=23636, tid=19828
#
# JRE version: Java(TM) SE Runtime Environment (13.0.1+9) (build 13.0.1+9)
# Java VM: Java HotSpot(TM) 64-Bit Server VM (13.0.1+9, mixed mode, sharing, tiered, compressed oops, g1 gc, windows-amd64)
# Problematic frame:
# C  0x00007ffb5f079d39
#
# No core dump will be written. Minidumps are not enabled by default on client versions of Windows
#
# If you would like to submit a bug report, please visit:
#   http://bugreport.java.com/bugreport/crash.jsp
# The crash happened outside the Java Virtual Machine in native code.
# See problematic frame for where to report the bug.
#

---------------  S U M M A R Y ------------

Command Line: -Dfile.encoding=Cp1252 engine.RenderLoop

Host: Intel(R) Core(TM) i5-9300H CPU @ 2.40GHz, 8 cores, 15G,  Windows 10 , 64 bit Build 19041 (10.0.19041.1889)
Time: Sun Sep 25 21:03:06 2022 Central Daylight Time elapsed time: 7 seconds (0d 0h 0m 7s)

---------------  T H R E A D  ---------------

Current thread (0x0000021e3b719800):  JavaThread "main" [_thread_in_native, id=19828, stack(0x0000005335f00000,0x0000005336000000)]

Stack: [0x0000005335f00000,0x0000005336000000],  sp=0x0000005335ffe970,  free space=1018k
Native frames: (J=compiled Java code, j=interpreted, Vv=VM code, C=native code)
C  0x00007ffb5f079d39

Java frames: (J=compiled Java code, j=interpreted, Vv=VM code)
j  sun.java2d.d3d.D3DSurfaceData.initOps(III)V+0 java.desktop@13.0.1
j  sun.java2d.d3d.D3DSurfaceData.<init>(Lsun/awt/windows/WComponentPeer;Lsun/java2d/d3d/D3DGraphicsConfig;IILjava/awt/Image;Ljava/awt/image/ColorModel;IILsun/java2d/pipe/hw/ExtendedBufferCapabilities$VSyncType;I)V+212 java.desktop@13.0.1
j  sun.java2d.d3d.D3DSurfaceData.createData(Lsun/java2d/d3d/D3DGraphicsConfig;IILjava/awt/image/ColorModel;Ljava/awt/Image;I)Lsun/java2d/d3d/D3DSurfaceData;+70 java.desktop@13.0.1
j  sun.java2d.d3d.D3DGraphicsConfig.createManagedSurface(III)Lsun/java2d/SurfaceData;+10 java.desktop@13.0.1
j  sun.java2d.d3d.D3DSurfaceDataProxy.validateSurfaceData(Lsun/java2d/SurfaceData;Lsun/java2d/SurfaceData;II)Lsun/java2d/SurfaceData;+22 java.desktop@13.0.1
j  sun.java2d.SurfaceDataProxy.replaceData(Lsun/java2d/SurfaceData;ILsun/java2d/loops/CompositeType;Ljava/awt/Color;)Lsun/java2d/SurfaceData;+191 java.desktop@13.0.1
j  sun.java2d.SurfaceData.getSourceSurfaceData(Ljava/awt/Image;ILsun/java2d/loops/CompositeType;Ljava/awt/Color;)Lsun/java2d/SurfaceData;+102 java.desktop@13.0.1
j  sun.java2d.pipe.DrawImage.renderImageCopy(Lsun/java2d/SunGraphics2D;Ljava/awt/Image;Ljava/awt/Color;IIIIII)Z+24 java.desktop@13.0.1
J 1500 c1 sun.java2d.pipe.DrawImage.copyImage(Lsun/java2d/SunGraphics2D;Ljava/awt/Image;IIIIIILjava/awt/Color;)Z java.desktop@13.0.1 (74 bytes) @ 0x0000021e444ecba4 [0x0000021e444ec8e0+0x00000000000002c4]
J 1437 c1 sun.java2d.pipe.DrawImage.copyImage(Lsun/java2d/SunGraphics2D;Ljava/awt/Image;IIIIIILjava/awt/Color;Ljava/awt/image/ImageObserver;)Z java.desktop@13.0.1 (91 bytes) @ 0x0000021e444ce2dc [0x0000021e444cdba0+0x000000000000073c]
J 1451 c1 sun.java2d.pipe.ValidatePipe.copyImage(Lsun/java2d/SunGraphics2D;Ljava/awt/Image;IIIIIILjava/awt/Color;Ljava/awt/image/ImageObserver;)Z java.desktop@13.0.1 (37 bytes) @ 0x0000021e444d0aec [0x0000021e444d0780+0x000000000000036c]
J 1436 c1 sun.java2d.SunGraphics2D.copyImage(Ljava/awt/Image;IIIIIILjava/awt/Color;Ljava/awt/image/ImageObserver;)Z java.desktop@13.0.1 (107 bytes) @ 0x0000021e444cc604 [0x0000021e444cc440+0x00000000000001c4]
J 1618 c1 sun.java2d.SunGraphics2D.drawImage(Ljava/awt/Image;IIIILjava/awt/Color;Ljava/awt/image/ImageObserver;)Z java.desktop@13.0.1 (202 bytes) @ 0x0000021e4451b45c [0x0000021e4451aba0+0x00000000000008bc]
J 1617 c1 sun.java2d.SunGraphics2D.drawImage(Ljava/awt/Image;IIIILjava/awt/image/ImageObserver;)Z java.desktop@13.0.1 (15 bytes) @ 0x0000021e4451a6e4 [0x0000021e4451a640+0x00000000000000a4]
j  engine.GameWindow.refreshFinal(Ljava/awt/image/BufferedImage;)V+33
j  engine.GameWindow.refresh()V+115
J 1272% c2 engine.RenderLoop.main([Ljava/lang/String;)V (131 bytes) @ 0x0000021e4b7be4c0 [0x0000021e4b7be440+0x0000000000000080]
v  ~StubRoutines::call_stub

siginfo: EXCEPTION_ACCESS_VIOLATION (0xc0000005), data execution prevention violation at address 0x00007ffb5f079d39


Register to memory mapping:

RIP=0x00007ffb5f079d39 is an unknown value
RAX=0x0000000000000001 is an unknown value
RBX=0x000000002b081b73 is an unknown value
RCX=0xe474daba01fb0000 is an unknown value
RDX=0x0000021e39cd32a0 points into unknown readable memory: 73 1b 08 2b 00 00 00 00
RSP=0x0000005335ffe970 is pointing into the stack for thread: 0x0000021e3b719800
RBP=0x000000002b081b73 is an unknown value
RSI=0x0 is NULL
RDI=0x0000005335ffeb40 is pointing into the stack for thread: 0x0000021e3b719800
R8 =0x0 is NULL
R9 =0x0000005335ffe9f5 is pointing into the stack for thread: 0x0000021e3b719800
R10=0x00007ff5c7670222 points into unknown readable memory: 00 01 02 03 04 05
R11=0x0000005335ffea08 is pointing into the stack for thread: 0x0000021e3b719800
R12=0x0 is NULL
R13=0x0 is NULL
R14=0x0 is NULL
R15=0x0 is NULL


Registers:
RAX=0x0000000000000001, RBX=0x000000002b081b73, RCX=0xe474daba01fb0000, RDX=0x0000021e39cd32a0
RSP=0x0000005335ffe970, RBP=0x000000002b081b73, RSI=0x0000000000000000, RDI=0x0000005335ffeb40
R8 =0x0000000000000000, R9 =0x0000005335ffe9f5, R10=0x00007ff5c7670222, R11=0x0000005335ffea08
R12=0x0000000000000000, R13=0x0000000000000000, R14=0x0000000000000000, R15=0x0000000000000000
RIP=0x00007ffb5f079d39, EFLAGS=0x0000000000010206

Top of Stack: (sp=0x0000005335ffe970)
0x0000005335ffe970:   0000000000240039 0000021e67918360
0x0000005335ffe980:   000000002b081b73 0000021e43c58a90
0x0000005335ffe990:   0000000000000028 0000050000000000
0x0000005335ffe9a0:   0000000000000320 0000050000000000
0x0000005335ffe9b0:   00000001000002f8 0000000800000005
0x0000005335ffe9c0:   0000000000000048 0000050000000000
0x0000005335ffe9d0:   0000000000000320 0000050000000000
0x0000005335ffe9e0:   00000001000002f8 505349445c2e5c5c
0x0000005335ffe9f0:   000002003559414c 0000000000000000
0x0000005335ffea00:   0000021e3b719800 00007ffb1585d500
0x0000005335ffea10:   000071da17f52a47 00007ffb3cfa1109
0x0000005335ffea20:   0000000000000000 00007ffb67188958
0x0000005335ffea30:   0000005335ffeb18 0000021e6093d220
0x0000005335ffea40:   0000021e5fa1fca0 0000005335ffea98
0x0000005335ffea50:   0000021e3b719800 0000000000000004
0x0000005335ffea60:   0000005335ffeae8 0000000000000000 

Instructions: (pc=0x00007ffb5f079d39)
0x00007ffb5f079c39:   ?? ?? ?? ?? ?? ?? ?? ?? ?? ?? ?? ?? ?? ?? ?? ??
0x00007ffb5f079c49:   ?? ?? ?? ?? ?? ?? ?? ?? ?? ?? ?? ?? ?? ?? ?? ??
0x00007ffb5f079c59:   ?? ?? ?? ?? ?? ?? ?? ?? ?? ?? ?? ?? ?? ?? ?? ??
0x00007ffb5f079c69:   ?? ?? ?? ?? ?? ?? ?? ?? ?? ?? ?? ?? ?? ?? ?? ??
0x00007ffb5f079c79:   ?? ?? ?? ?? ?? ?? ?? ?? ?? ?? ?? ?? ?? ?? ?? ??
0x00007ffb5f079c89:   ?? ?? ?? ?? ?? ?? ?? ?? ?? ?? ?? ?? ?? ?? ?? ??
0x00007ffb5f079c99:   ?? ?? ?? ?? ?? ?? ?? ?? ?? ?? ?? ?? ?? ?? ?? ??
0x00007ffb5f079ca9:   ?? ?? ?? ?? ?? ?? ?? ?? ?? ?? ?? ?? ?? ?? ?? ??
0x00007ffb5f079cb9:   ?? ?? ?? ?? ?? ?? ?? ?? ?? ?? ?? ?? ?? ?? ?? ??
0x00007ffb5f079cc9:   ?? ?? ?? ?? ?? ?? ?? ?? ?? ?? ?? ?? ?? ?? ?? ??
0x00007ffb5f079cd9:   ?? ?? ?? ?? ?? ?? ?? ?? ?? ?? ?? ?? ?? ?? ?? ??
0x00007ffb5f079ce9:   ?? ?? ?? ?? ?? ?? ?? ?? ?? ?? ?? ?? ?? ?? ?? ??
0x00007ffb5f079cf9:   ?? ?? ?? ?? ?? ?? ?? ?? ?? ?? ?? ?? ?? ?? ?? ??
0x00007ffb5f079d09:   ?? ?? ?? ?? ?? ?? ?? ?? ?? ?? ?? ?? ?? ?? ?? ??
0x00007ffb5f079d19:   ?? ?? ?? ?? ?? ?? ?? ?? ?? ?? ?? ?? ?? ?? ?? ??
0x00007ffb5f079d29:   ?? ?? ?? ?? ?? ?? ?? ?? ?? ?? ?? ?? ?? ?? ?? ??
0x00007ffb5f079d39:   ?? ?? ?? ?? ?? ?? ?? ?? ?? ?? ?? ?? ?? ?? ?? ??
0x00007ffb5f079d49:   ?? ?? ?? ?? ?? ?? ?? ?? ?? ?? ?? ?? ?? ?? ?? ??
0x00007ffb5f079d59:   ?? ?? ?? ?? ?? ?? ?? ?? ?? ?? ?? ?? ?? ?? ?? ??
0x00007ffb5f079d69:   ?? ?? ?? ?? ?? ?? ?? ?? ?? ?? ?? ?? ?? ?? ?? ??
0x00007ffb5f079d79:   ?? ?? ?? ?? ?? ?? ?? ?? ?? ?? ?? ?? ?? ?? ?? ??
0x00007ffb5f079d89:   ?? ?? ?? ?? ?? ?? ?? ?? ?? ?? ?? ?? ?? ?? ?? ??
0x00007ffb5f079d99:   ?? ?? ?? ?? ?? ?? ?? ?? ?? ?? ?? ?? ?? ?? ?? ??
0x00007ffb5f079da9:   ?? ?? ?? ?? ?? ?? ?? ?? ?? ?? ?? ?? ?? ?? ?? ??
0x00007ffb5f079db9:   ?? ?? ?? ?? ?? ?? ?? ?? ?? ?? ?? ?? ?? ?? ?? ??
0x00007ffb5f079dc9:   ?? ?? ?? ?? ?? ?? ?? ?? ?? ?? ?? ?? ?? ?? ?? ??
0x00007ffb5f079dd9:   ?? ?? ?? ?? ?? ?? ?? ?? ?? ?? ?? ?? ?? ?? ?? ??
0x00007ffb5f079de9:   ?? ?? ?? ?? ?? ?? ?? ?? ?? ?? ?? ?? ?? ?? ?? ??
0x00007ffb5f079df9:   ?? ?? ?? ?? ?? ?? ?? ?? ?? ?? ?? ?? ?? ?? ?? ??
0x00007ffb5f079e09:   ?? ?? ?? ?? ?? ?? ?? ?? ?? ?? ?? ?? ?? ?? ?? ??
0x00007ffb5f079e19:   ?? ?? ?? ?? ?? ?? ?? ?? ?? ?? ?? ?? ?? ?? ?? ??
0x00007ffb5f079e29:   ?? ?? ?? ?? ?? ?? ?? ?? ?? ?? ?? ?? ?? ?? ?? ?? 


Stack slot to memory mapping:
stack at sp + 0 slots: 0x0000000000240039 is an unknown value
stack at sp + 1 slots: 0x0000021e67918360 points into unknown readable memory: 30 34 81 15 fb 7f 00 00
stack at sp + 2 slots: 0x000000002b081b73 is an unknown value
stack at sp + 3 slots: 0x0000021e43c58a90 is at code_begin+-112 in 
[CodeBlob (0x0000021e43c58a90)]
Framesize: 0
BufferBlob (0x0000021e43c58a90) used for Interpreter
stack at sp + 4 slots: 0x0000000000000028 is an unknown value
stack at sp + 5 slots: 0x0000050000000000 is an unknown value
stack at sp + 6 slots: 0x0000000000000320 is an unknown value
stack at sp + 7 slots: 0x0000050000000000 is an unknown value


---------------  P R O C E S S  ---------------

Threads class SMR info:
_java_thread_list=0x0000021e68514090, length=14, elements={
0x0000021e3b719800, 0x0000021e5fa10800, 0x0000021e5fa15800, 0x0000021e5fa32800,
0x0000021e5fa34800, 0x0000021e5fa37000, 0x0000021e602d2800, 0x0000021e5fa39800,
0x0000021e603f3000, 0x0000021e603fc800, 0x0000021e6060c800, 0x0000021e6060d800,
0x0000021e60926000, 0x0000021e60924800
}

Java Threads: ( => current thread )
=>0x0000021e3b719800 JavaThread "main" [_thread_in_native, id=19828, stack(0x0000005335f00000,0x0000005336000000)]
  0x0000021e5fa10800 JavaThread "Reference Handler" daemon [_thread_blocked, id=13084, stack(0x0000005336600000,0x0000005336700000)]
  0x0000021e5fa15800 JavaThread "Finalizer" daemon [_thread_blocked, id=11004, stack(0x0000005336700000,0x0000005336800000)]
  0x0000021e5fa32800 JavaThread "Signal Dispatcher" daemon [_thread_blocked, id=19236, stack(0x0000005336800000,0x0000005336900000)]
  0x0000021e5fa34800 JavaThread "Attach Listener" daemon [_thread_blocked, id=6584, stack(0x0000005336900000,0x0000005336a00000)]
  0x0000021e5fa37000 JavaThread "C2 CompilerThread0" daemon [_thread_blocked, id=6780, stack(0x0000005336a00000,0x0000005336b00000)]
  0x0000021e602d2800 JavaThread "C1 CompilerThread0" daemon [_thread_blocked, id=22784, stack(0x0000005336b00000,0x0000005336c00000)]
  0x0000021e5fa39800 JavaThread "Sweeper thread" daemon [_thread_blocked, id=21120, stack(0x0000005336c00000,0x0000005336d00000)]
  0x0000021e603f3000 JavaThread "Service Thread" daemon [_thread_blocked, id=4952, stack(0x0000005336d00000,0x0000005336e00000)]
  0x0000021e603fc800 JavaThread "Common-Cleaner" daemon [_thread_blocked, id=18820, stack(0x0000005336f00000,0x0000005337000000)]
  0x0000021e6060c800 JavaThread "Java2D Disposer" daemon [_thread_blocked, id=24936, stack(0x0000005337000000,0x0000005337100000)]
  0x0000021e6060d800 JavaThread "AWT-Shutdown" [_thread_blocked, id=15240, stack(0x0000005337100000,0x0000005337200000)]
  0x0000021e60926000 JavaThread "AWT-EventQueue-0" [_thread_blocked, id=24472, stack(0x0000005337590000,0x0000005337690000)]
  0x0000021e60924800 JavaThread "Thread-0" [_thread_blocked, id=17960, stack(0x0000005337690000,0x0000005337790000)]

Other Threads:
  0x0000021e5fa0e000 VMThread "VM Thread" [stack: 0x0000005336500000,0x0000005336600000] [id=21692]
  0x0000021e603f7000 WatcherThread [stack: 0x0000005336e00000,0x0000005336f00000] [id=24508]
  0x0000021e3b784800 GCTaskThread "GC Thread#0" [stack: 0x0000005336000000,0x0000005336100000] [id=18908]
  0x0000021e6786e000 GCTaskThread "GC Thread#1" [stack: 0x0000005337aa0000,0x0000005337ba0000] [id=19260]
  0x0000021e67922000 GCTaskThread "GC Thread#2" [stack: 0x0000005337ba0000,0x0000005337ca0000] [id=11736]
  0x0000021e67922800 GCTaskThread "GC Thread#3" [stack: 0x0000005337ca0000,0x0000005337da0000] [id=24612]
  0x0000021e67879800 GCTaskThread "GC Thread#4" [stack: 0x0000005337da0000,0x0000005337ea0000] [id=24664]
  0x0000021e6787a000 GCTaskThread "GC Thread#5" [stack: 0x0000005337ea0000,0x0000005337fa0000] [id=18572]
  0x0000021e6787b000 GCTaskThread "GC Thread#6" [stack: 0x0000005337fa0000,0x00000053380a0000] [id=22920]
  0x0000021e6787b800 GCTaskThread "GC Thread#7" [stack: 0x00000053380a0000,0x00000053381a0000] [id=13036]
  0x0000021e3b7a6800 ConcurrentGCThread "G1 Main Marker" [stack: 0x0000005336100000,0x0000005336200000] [id=22480]
  0x0000021e3b7aa000 ConcurrentGCThread "G1 Conc#0" [stack: 0x0000005336200000,0x0000005336300000] [id=16344]
  0x0000021e6790e000 ConcurrentGCThread "G1 Conc#1" [stack: 0x00000053378a0000,0x00000053379a0000] [id=19516]
  0x0000021e3b7fe000 ConcurrentGCThread "G1 Refine#0" [stack: 0x0000005336300000,0x0000005336400000] [id=18080]
  0x0000021e5f908800 ConcurrentGCThread "G1 Young RemSet Sampling" [stack: 0x0000005336400000,0x0000005336500000] [id=15428]

Threads with active compile tasks:

VM state:not at safepoint (normal execution)

VM Mutex/Monitor currently owned by a thread: None

Heap address: 0x0000000702600000, size: 4058 MB, Compressed Oops mode: Zero based, Oop shift amount: 3
Narrow klass base: 0x0000000800000000, Narrow klass shift: 3
Compressed class space size: 1073741824 Address: 0x0000000800b40000

Heap:
 garbage-first heap   total 184320K, used 64355K [0x0000000702600000, 0x0000000800000000)
  region size 1024K, 4 young (4096K), 1 survivors (1024K)
 Metaspace       used 8301K, capacity 8587K, committed 8704K, reserved 1056768K
  class space    used 859K, capacity 973K, committed 1024K, reserved 1048576K
Heap Regions: E=young(eden), S=young(survivor), O=old, HS=humongous(starts), HC=humongous(continues), CS=collection set, F=free, A=archive, TAMS=top-at-mark-start (previous, next)
|   0|0x0000000702600000, 0x0000000702700000, 0x0000000702700000|100%|HS|  |TAMS 0x0000000702700000, 0x0000000702600000| Complete 
|   1|0x0000000702700000, 0x0000000702800000, 0x0000000702800000|100%|HC|  |TAMS 0x0000000702800000, 0x0000000702700000| Complete 
|   2|0x0000000702800000, 0x0000000702900000, 0x0000000702900000|100%|HS|  |TAMS 0x0000000702900000, 0x0000000702800000| Complete 
|   3|0x0000000702900000, 0x0000000702a00000, 0x0000000702a00000|100%|HC|  |TAMS 0x0000000702a00000, 0x0000000702900000| Complete 
|   4|0x0000000702a00000, 0x0000000702b00000, 0x0000000702b00000|100%|HS|  |TAMS 0x0000000702b00000, 0x0000000702a00000| Complete 
|   5|0x0000000702b00000, 0x0000000702c00000, 0x0000000702c00000|100%|HC|  |TAMS 0x0000000702c00000, 0x0000000702b00000| Complete 
|   6|0x0000000702c00000, 0x0000000702d00000, 0x0000000702d00000|100%|HS|  |TAMS 0x0000000702d00000, 0x0000000702c00000| Complete 
|   7|0x0000000702d00000, 0x0000000702e00000, 0x0000000702e00000|100%|HC|  |TAMS 0x0000000702e00000, 0x0000000702d00000| Complete 
|   8|0x0000000702e00000, 0x0000000702f00000, 0x0000000702f00000|100%|HS|  |TAMS 0x0000000702f00000, 0x0000000702e00000| Complete 
|   9|0x0000000702f00000, 0x0000000703000000, 0x0000000703000000|100%|HC|  |TAMS 0x0000000703000000, 0x0000000702f00000| Complete 
|  10|0x0000000703000000, 0x0000000703100000, 0x0000000703100000|100%|HS|  |TAMS 0x0000000703100000, 0x0000000703000000| Complete 
|  11|0x0000000703100000, 0x0000000703200000, 0x0000000703200000|100%|HC|  |TAMS 0x0000000703200000, 0x0000000703100000| Complete 
|  12|0x0000000703200000, 0x0000000703300000, 0x0000000703300000|100%|HS|  |TAMS 0x0000000703300000, 0x0000000703200000| Complete 
|  13|0x0000000703300000, 0x0000000703400000, 0x0000000703400000|100%|HC|  |TAMS 0x0000000703400000, 0x0000000703300000| Complete 
|  14|0x0000000703400000, 0x0000000703500000, 0x0000000703500000|100%|HS|  |TAMS 0x0000000703500000, 0x0000000703400000| Complete 
|  15|0x0000000703500000, 0x0000000703600000, 0x0000000703600000|100%|HC|  |TAMS 0x0000000703600000, 0x0000000703500000| Complete 
|  16|0x0000000703600000, 0x0000000703700000, 0x0000000703700000|100%|HS|  |TAMS 0x0000000703700000, 0x0000000703600000| Complete 
|  17|0x0000000703700000, 0x0000000703800000, 0x0000000703800000|100%|HC|  |TAMS 0x0000000703800000, 0x0000000703700000| Complete 
|  18|0x0000000703800000, 0x0000000703900000, 0x0000000703900000|100%|HS|  |TAMS 0x0000000703900000, 0x0000000703800000| Complete 
|  19|0x0000000703900000, 0x0000000703a00000, 0x0000000703a00000|100%|HC|  |TAMS 0x0000000703a00000, 0x0000000703900000| Complete 
|  20|0x0000000703a00000, 0x0000000703b00000, 0x0000000703b00000|100%|HS|  |TAMS 0x0000000703b00000, 0x0000000703a00000| Complete 
|  21|0x0000000703b00000, 0x0000000703c00000, 0x0000000703c00000|100%|HC|  |TAMS 0x0000000703c00000, 0x0000000703b00000| Complete 
|  22|0x0000000703c00000, 0x0000000703d00000, 0x0000000703d00000|100%|HS|  |TAMS 0x0000000703c00000, 0x0000000703c00000| Complete 
|  23|0x0000000703d00000, 0x0000000703e00000, 0x0000000703e00000|100%|HC|  |TAMS 0x0000000703d00000, 0x0000000703d00000| Complete 
|  24|0x0000000703e00000, 0x0000000703f00000, 0x0000000703f00000|100%|HS|  |TAMS 0x0000000703e00000, 0x0000000703e00000| Complete 
|  25|0x0000000703f00000, 0x0000000704000000, 0x0000000704000000|100%|HC|  |TAMS 0x0000000703f00000, 0x0000000703f00000| Complete 
|  26|0x0000000704000000, 0x0000000704100000, 0x0000000704100000|100%|HS|  |TAMS 0x0000000704100000, 0x0000000704000000| Complete 
|  27|0x0000000704100000, 0x0000000704200000, 0x0000000704200000|100%|HC|  |TAMS 0x0000000704200000, 0x0000000704100000| Complete 
|  28|0x0000000704200000, 0x0000000704300000, 0x0000000704300000|100%| O|  |TAMS 0x0000000704300000, 0x0000000704200000| Untracked 
|  29|0x0000000704300000, 0x0000000704400000, 0x0000000704400000|100%| O|  |TAMS 0x0000000704400000, 0x0000000704300000| Untracked 
|  30|0x0000000704400000, 0x0000000704500000, 0x0000000704500000|100%|HS|  |TAMS 0x0000000704500000, 0x0000000704400000| Complete 
|  31|0x0000000704500000, 0x0000000704600000, 0x0000000704600000|100%|HC|  |TAMS 0x0000000704600000, 0x0000000704500000| Complete 
|  32|0x0000000704600000, 0x0000000704700000, 0x0000000704700000|100%|HS|  |TAMS 0x0000000704600000, 0x0000000704600000| Complete 
|  33|0x0000000704700000, 0x0000000704800000, 0x0000000704800000|100%|HC|  |TAMS 0x0000000704700000, 0x0000000704700000| Complete 
|  34|0x0000000704800000, 0x0000000704900000, 0x0000000704900000|100%|HS|  |TAMS 0x0000000704800000, 0x0000000704800000| Complete 
|  35|0x0000000704900000, 0x0000000704a00000, 0x0000000704a00000|100%|HC|  |TAMS 0x0000000704900000, 0x0000000704900000| Complete 
|  36|0x0000000704a00000, 0x0000000704b00000, 0x0000000704b00000|100%|HS|  |TAMS 0x0000000704a00000, 0x0000000704a00000| Complete 
|  37|0x0000000704b00000, 0x0000000704c00000, 0x0000000704c00000|100%|HC|  |TAMS 0x0000000704b00000, 0x0000000704b00000| Complete 
|  38|0x0000000704c00000, 0x0000000704d00000, 0x0000000704d00000|100%|HS|  |TAMS 0x0000000704c00000, 0x0000000704c00000| Complete 
|  39|0x0000000704d00000, 0x0000000704e00000, 0x0000000704e00000|100%|HC|  |TAMS 0x0000000704d00000, 0x0000000704d00000| Complete 
|  40|0x0000000704e00000, 0x0000000704e00000, 0x0000000704f00000|  0%| F|  |TAMS 0x0000000704e00000, 0x0000000704e00000| Untracked 
|  41|0x0000000704f00000, 0x0000000704f00000, 0x0000000705000000|  0%| F|  |TAMS 0x0000000704f00000, 0x0000000704f00000| Untracked 
|  42|0x0000000705000000, 0x0000000705100000, 0x0000000705100000|100%|HS|  |TAMS 0x0000000705100000, 0x0000000705000000| Complete 
|  43|0x0000000705100000, 0x0000000705200000, 0x0000000705200000|100%|HC|  |TAMS 0x0000000705200000, 0x0000000705100000| Complete 
|  44|0x0000000705200000, 0x0000000705300000, 0x0000000705300000|100%|HS|  |TAMS 0x0000000705300000, 0x0000000705200000| Complete 
|  45|0x0000000705300000, 0x0000000705400000, 0x0000000705400000|100%|HC|  |TAMS 0x0000000705400000, 0x0000000705300000| Complete 
|  46|0x0000000705400000, 0x0000000705500000, 0x0000000705500000|100%|HS|  |TAMS 0x0000000705500000, 0x0000000705400000| Complete 
|  47|0x0000000705500000, 0x0000000705600000, 0x0000000705600000|100%|HC|  |TAMS 0x0000000705600000, 0x0000000705500000| Complete 
|  48|0x0000000705600000, 0x0000000705614200, 0x0000000705700000|  7%| O|  |TAMS 0x0000000705614200, 0x0000000705600000| Untracked 
|  49|0x0000000705700000, 0x0000000705800000, 0x0000000705800000|100%| O|  |TAMS 0x0000000705800000, 0x0000000705700000| Untracked 
|  50|0x0000000705800000, 0x0000000705900000, 0x0000000705900000|100%|HS|  |TAMS 0x0000000705900000, 0x0000000705800000| Complete 
|  51|0x0000000705900000, 0x0000000705a00000, 0x0000000705a00000|100%|HC|  |TAMS 0x0000000705a00000, 0x0000000705900000| Complete 
|  52|0x0000000705a00000, 0x0000000705a00000, 0x0000000705b00000|  0%| F|  |TAMS 0x0000000705a00000, 0x0000000705a00000| Untracked 
|  53|0x0000000705b00000, 0x0000000705b00000, 0x0000000705c00000|  0%| F|  |TAMS 0x0000000705b00000, 0x0000000705b00000| Untracked 
|  54|0x0000000705c00000, 0x0000000705c00000, 0x0000000705d00000|  0%| F|  |TAMS 0x0000000705c00000, 0x0000000705c00000| Untracked 
|  55|0x0000000705d00000, 0x0000000705d00000, 0x0000000705e00000|  0%| F|  |TAMS 0x0000000705d00000, 0x0000000705d00000| Untracked 
|  56|0x0000000705e00000, 0x0000000705f00000, 0x0000000705f00000|100%|HS|  |TAMS 0x0000000705f00000, 0x0000000705e00000| Complete 
|  57|0x0000000705f00000, 0x0000000706000000, 0x0000000706000000|100%|HC|  |TAMS 0x0000000706000000, 0x0000000705f00000| Complete 
|  58|0x0000000706000000, 0x0000000706000000, 0x0000000706100000|  0%| F|  |TAMS 0x0000000706000000, 0x0000000706000000| Untracked 
|  59|0x0000000706100000, 0x0000000706100000, 0x0000000706200000|  0%| F|  |TAMS 0x0000000706100000, 0x0000000706100000| Untracked 
|  60|0x0000000706200000, 0x0000000706200000, 0x0000000706300000|  0%| F|  |TAMS 0x0000000706200000, 0x0000000706200000| Untracked 
|  61|0x0000000706300000, 0x0000000706300000, 0x0000000706400000|  0%| F|  |TAMS 0x0000000706300000, 0x0000000706300000| Untracked 
|  62|0x0000000706400000, 0x0000000706500000, 0x0000000706500000|100%| O|  |TAMS 0x0000000706500000, 0x0000000706400000| Untracked 
|  63|0x0000000706500000, 0x000000070651ce00, 0x0000000706600000| 11%| O|  |TAMS 0x000000070651ce00, 0x0000000706500000| Untracked 
|  64|0x0000000706600000, 0x0000000706600000, 0x0000000706700000|  0%| F|  |TAMS 0x0000000706600000, 0x0000000706600000| Untracked 
|  65|0x0000000706700000, 0x0000000706700000, 0x0000000706800000|  0%| F|  |TAMS 0x0000000706700000, 0x0000000706700000| Untracked 
|  66|0x0000000706800000, 0x0000000706800000, 0x0000000706900000|  0%| F|  |TAMS 0x0000000706800000, 0x0000000706800000| Untracked 
|  67|0x0000000706900000, 0x0000000706900000, 0x0000000706a00000|  0%| F|  |TAMS 0x0000000706900000, 0x0000000706900000| Untracked 
|  68|0x0000000706a00000, 0x0000000706b00000, 0x0000000706b00000|100%|HS|  |TAMS 0x0000000706b00000, 0x0000000706a00000| Complete 
|  69|0x0000000706b00000, 0x0000000706c00000, 0x0000000706c00000|100%|HC|  |TAMS 0x0000000706c00000, 0x0000000706b00000| Complete 
|  70|0x0000000706c00000, 0x0000000706d00000, 0x0000000706d00000|100%|HS|  |TAMS 0x0000000706d00000, 0x0000000706c00000| Complete 
|  71|0x0000000706d00000, 0x0000000706e00000, 0x0000000706e00000|100%|HC|  |TAMS 0x0000000706e00000, 0x0000000706d00000| Complete 
|  72|0x0000000706e00000, 0x0000000706e00000, 0x0000000706f00000|  0%| F|  |TAMS 0x0000000706e00000, 0x0000000706e00000| Untracked 
|  73|0x0000000706f00000, 0x0000000706f00000, 0x0000000707000000|  0%| F|  |TAMS 0x0000000706f00000, 0x0000000706f00000| Untracked 
|  74|0x0000000707000000, 0x0000000707000a00, 0x0000000707100000|  0%| O|  |TAMS 0x0000000707000a00, 0x0000000707000000| Untracked 
|  75|0x0000000707100000, 0x0000000707200000, 0x0000000707200000|100%|HS|  |TAMS 0x0000000707200000, 0x0000000707100000| Complete 
|  76|0x0000000707200000, 0x0000000707300000, 0x0000000707300000|100%|HC|  |TAMS 0x0000000707300000, 0x0000000707200000| Complete 
|  77|0x0000000707300000, 0x0000000707400000, 0x0000000707400000|100%|HS|  |TAMS 0x0000000707400000, 0x0000000707300000| Complete 
|  78|0x0000000707400000, 0x0000000707500000, 0x0000000707500000|100%|HC|  |TAMS 0x0000000707500000, 0x0000000707400000| Complete 
|  79|0x0000000707500000, 0x0000000707500000, 0x0000000707600000|  0%| F|  |TAMS 0x0000000707500000, 0x0000000707500000| Untracked 
|  80|0x0000000707600000, 0x0000000707600000, 0x0000000707700000|  0%| F|  |TAMS 0x0000000707600000, 0x0000000707600000| Untracked 
|  81|0x0000000707700000, 0x000000070776da00, 0x0000000707800000| 42%| O|  |TAMS 0x000000070776d000, 0x0000000707700000| Untracked 
|  82|0x0000000707800000, 0x0000000707800000, 0x0000000707900000|  0%| F|  |TAMS 0x0000000707800000, 0x0000000707800000| Untracked 
|  83|0x0000000707900000, 0x0000000707900000, 0x0000000707a00000|  0%| F|  |TAMS 0x0000000707900000, 0x0000000707900000| Untracked 
|  84|0x0000000707a00000, 0x0000000707a00000, 0x0000000707b00000|  0%| F|  |TAMS 0x0000000707a00000, 0x0000000707a00000| Untracked 
|  85|0x0000000707b00000, 0x0000000707b00000, 0x0000000707c00000|  0%| F|  |TAMS 0x0000000707b00000, 0x0000000707b00000| Untracked 
|  86|0x0000000707c00000, 0x0000000707c00000, 0x0000000707d00000|  0%| F|  |TAMS 0x0000000707c00000, 0x0000000707c00000| Untracked 
|  87|0x0000000707d00000, 0x0000000707d00000, 0x0000000707e00000|  0%| F|  |TAMS 0x0000000707d00000, 0x0000000707d00000| Untracked 
|  88|0x0000000707e00000, 0x0000000707e00000, 0x0000000707f00000|  0%| F|  |TAMS 0x0000000707e00000, 0x0000000707e00000| Untracked 
|  89|0x0000000707f00000, 0x0000000707f00000, 0x0000000708000000|  0%| F|  |TAMS 0x0000000707f00000, 0x0000000707f00000| Untracked 
|  90|0x0000000708000000, 0x0000000708000000, 0x0000000708100000|  0%| F|  |TAMS 0x0000000708000000, 0x0000000708000000| Untracked 
|  91|0x0000000708100000, 0x0000000708100000, 0x0000000708200000|  0%| F|  |TAMS 0x0000000708100000, 0x0000000708100000| Untracked 
|  92|0x0000000708200000, 0x0000000708200000, 0x0000000708300000|  0%| F|  |TAMS 0x0000000708200000, 0x0000000708200000| Untracked 
|  93|0x0000000708300000, 0x0000000708300000, 0x0000000708400000|  0%| F|  |TAMS 0x0000000708300000, 0x0000000708300000| Untracked 
|  94|0x0000000708400000, 0x0000000708400000, 0x0000000708500000|  0%| F|  |TAMS 0x0000000708400000, 0x0000000708400000| Untracked 
|  95|0x0000000708500000, 0x0000000708500000, 0x0000000708600000|  0%| F|  |TAMS 0x0000000708500000, 0x0000000708500000| Untracked 
|  96|0x0000000708600000, 0x0000000708600000, 0x0000000708700000|  0%| F|  |TAMS 0x0000000708600000, 0x0000000708600000| Untracked 
|  97|0x0000000708700000, 0x0000000708700000, 0x0000000708800000|  0%| F|  |TAMS 0x0000000708700000, 0x0000000708700000| Untracked 
|  98|0x0000000708800000, 0x0000000708800000, 0x0000000708900000|  0%| F|  |TAMS 0x0000000708800000, 0x0000000708800000| Untracked 
|  99|0x0000000708900000, 0x0000000708900000, 0x0000000708a00000|  0%| F|  |TAMS 0x0000000708900000, 0x0000000708900000| Untracked 
| 100|0x0000000708a00000, 0x0000000708a00000, 0x0000000708b00000|  0%| F|  |TAMS 0x0000000708a00000, 0x0000000708a00000| Untracked 
| 101|0x0000000708b00000, 0x0000000708b00000, 0x0000000708c00000|  0%| F|  |TAMS 0x0000000708b00000, 0x0000000708b00000| Untracked 
| 102|0x0000000708c00000, 0x0000000708c00000, 0x0000000708d00000|  0%| F|  |TAMS 0x0000000708c00000, 0x0000000708c00000| Untracked 
| 103|0x0000000708d00000, 0x0000000708d00000, 0x0000000708e00000|  0%| F|  |TAMS 0x0000000708d00000, 0x0000000708d00000| Untracked 
| 104|0x0000000708e00000, 0x0000000708e00000, 0x0000000708f00000|  0%| F|  |TAMS 0x0000000708e00000, 0x0000000708e00000| Untracked 
| 105|0x0000000708f00000, 0x0000000708f00000, 0x0000000709000000|  0%| F|  |TAMS 0x0000000708f00000, 0x0000000708f00000| Untracked 
| 106|0x0000000709000000, 0x0000000709000000, 0x0000000709100000|  0%| F|  |TAMS 0x0000000709000000, 0x0000000709000000| Untracked 
| 107|0x0000000709100000, 0x0000000709100000, 0x0000000709200000|  0%| F|  |TAMS 0x0000000709100000, 0x0000000709100000| Untracked 
| 108|0x0000000709200000, 0x0000000709200000, 0x0000000709300000|  0%| F|  |TAMS 0x0000000709200000, 0x0000000709200000| Untracked 
| 109|0x0000000709300000, 0x0000000709300000, 0x0000000709400000|  0%| F|  |TAMS 0x0000000709300000, 0x0000000709300000| Untracked 
| 110|0x0000000709400000, 0x0000000709400000, 0x0000000709500000|  0%| F|  |TAMS 0x0000000709400000, 0x0000000709400000| Untracked 
| 111|0x0000000709500000, 0x0000000709500000, 0x0000000709600000|  0%| F|  |TAMS 0x0000000709500000, 0x0000000709500000| Untracked 
| 112|0x0000000709600000, 0x0000000709600000, 0x0000000709700000|  0%| F|  |TAMS 0x0000000709600000, 0x0000000709600000| Untracked 
| 113|0x0000000709700000, 0x0000000709700000, 0x0000000709800000|  0%| F|  |TAMS 0x0000000709700000, 0x0000000709700000| Untracked 
| 114|0x0000000709800000, 0x0000000709800000, 0x0000000709900000|  0%| F|  |TAMS 0x0000000709800000, 0x0000000709800000| Untracked 
| 115|0x0000000709900000, 0x0000000709900000, 0x0000000709a00000|  0%| F|  |TAMS 0x0000000709900000, 0x0000000709900000| Untracked 
| 116|0x0000000709a00000, 0x0000000709a00000, 0x0000000709b00000|  0%| F|  |TAMS 0x0000000709a00000, 0x0000000709a00000| Untracked 
| 117|0x0000000709b00000, 0x0000000709b00000, 0x0000000709c00000|  0%| F|  |TAMS 0x0000000709b00000, 0x0000000709b00000| Untracked 
| 118|0x0000000709c00000, 0x0000000709c00000, 0x0000000709d00000|  0%| F|  |TAMS 0x0000000709c00000, 0x0000000709c00000| Untracked 
| 119|0x0000000709d00000, 0x0000000709d00000, 0x0000000709e00000|  0%| F|  |TAMS 0x0000000709d00000, 0x0000000709d00000| Untracked 
| 120|0x0000000709e00000, 0x0000000709e00000, 0x0000000709f00000|  0%| F|  |TAMS 0x0000000709e00000, 0x0000000709e00000| Untracked 
| 121|0x0000000709f00000, 0x0000000709f00000, 0x000000070a000000|  0%| F|  |TAMS 0x0000000709f00000, 0x0000000709f00000| Untracked 
| 122|0x000000070a000000, 0x000000070a000000, 0x000000070a100000|  0%| F|  |TAMS 0x000000070a000000, 0x000000070a000000| Untracked 
| 123|0x000000070a100000, 0x000000070a100000, 0x000000070a200000|  0%| F|  |TAMS 0x000000070a100000, 0x000000070a100000| Untracked 
| 124|0x000000070a200000, 0x000000070a200000, 0x000000070a300000|  0%| F|  |TAMS 0x000000070a200000, 0x000000070a200000| Untracked 
| 125|0x000000070a300000, 0x000000070a300000, 0x000000070a400000|  0%| F|  |TAMS 0x000000070a300000, 0x000000070a300000| Untracked 
| 126|0x000000070a400000, 0x000000070a400000, 0x000000070a500000|  0%| F|  |TAMS 0x000000070a400000, 0x000000070a400000| Untracked 
| 127|0x000000070a500000, 0x000000070a500000, 0x000000070a600000|  0%| F|  |TAMS 0x000000070a500000, 0x000000070a500000| Untracked 
| 128|0x000000070a600000, 0x000000070a600000, 0x000000070a700000|  0%| F|  |TAMS 0x000000070a600000, 0x000000070a600000| Untracked 
| 129|0x000000070a700000, 0x000000070a700000, 0x000000070a800000|  0%| F|  |TAMS 0x000000070a700000, 0x000000070a700000| Untracked 
| 130|0x000000070a800000, 0x000000070a800000, 0x000000070a900000|  0%| F|  |TAMS 0x000000070a800000, 0x000000070a800000| Untracked 
| 131|0x000000070a900000, 0x000000070a900000, 0x000000070aa00000|  0%| F|  |TAMS 0x000000070a900000, 0x000000070a900000| Untracked 
| 132|0x000000070aa00000, 0x000000070aa00000, 0x000000070ab00000|  0%| F|  |TAMS 0x000000070aa00000, 0x000000070aa00000| Untracked 
| 133|0x000000070ab00000, 0x000000070ab00000, 0x000000070ac00000|  0%| F|  |TAMS 0x000000070ab00000, 0x000000070ab00000| Untracked 
| 134|0x000000070ac00000, 0x000000070ac00000, 0x000000070ad00000|  0%| F|  |TAMS 0x000000070ac00000, 0x000000070ac00000| Untracked 
| 135|0x000000070ad00000, 0x000000070ad00000, 0x000000070ae00000|  0%| F|  |TAMS 0x000000070ad00000, 0x000000070ad00000| Untracked 
| 136|0x000000070ae00000, 0x000000070ae00000, 0x000000070af00000|  0%| F|  |TAMS 0x000000070ae00000, 0x000000070ae00000| Untracked 
| 137|0x000000070af00000, 0x000000070af00000, 0x000000070b000000|  0%| F|  |TAMS 0x000000070af00000, 0x000000070af00000| Untracked 
| 138|0x000000070b000000, 0x000000070b000000, 0x000000070b100000|  0%| F|  |TAMS 0x000000070b000000, 0x000000070b000000| Untracked 
| 139|0x000000070b100000, 0x000000070b100000, 0x000000070b200000|  0%| F|  |TAMS 0x000000070b100000, 0x000000070b100000| Untracked 
| 140|0x000000070b200000, 0x000000070b200000, 0x000000070b300000|  0%| F|  |TAMS 0x000000070b200000, 0x000000070b200000| Untracked 
| 141|0x000000070b300000, 0x000000070b300000, 0x000000070b400000|  0%| F|  |TAMS 0x000000070b300000, 0x000000070b300000| Untracked 
| 142|0x000000070b400000, 0x000000070b400000, 0x000000070b500000|  0%| F|  |TAMS 0x000000070b400000, 0x000000070b400000| Untracked 
| 143|0x000000070b500000, 0x000000070b500000, 0x000000070b600000|  0%| F|  |TAMS 0x000000070b500000, 0x000000070b500000| Untracked 
| 144|0x000000070b600000, 0x000000070b600000, 0x000000070b700000|  0%| F|  |TAMS 0x000000070b600000, 0x000000070b600000| Untracked 
| 145|0x000000070b700000, 0x000000070b700000, 0x000000070b800000|  0%| F|  |TAMS 0x000000070b700000, 0x000000070b700000| Untracked 
| 146|0x000000070b800000, 0x000000070b800000, 0x000000070b900000|  0%| F|  |TAMS 0x000000070b800000, 0x000000070b800000| Untracked 
| 147|0x000000070b900000, 0x000000070b900000, 0x000000070ba00000|  0%| F|  |TAMS 0x000000070b900000, 0x000000070b900000| Untracked 
| 148|0x000000070ba00000, 0x000000070ba00000, 0x000000070bb00000|  0%| F|  |TAMS 0x000000070ba00000, 0x000000070ba00000| Untracked 
| 149|0x000000070bb00000, 0x000000070bb00000, 0x000000070bc00000|  0%| F|  |TAMS 0x000000070bb00000, 0x000000070bb00000| Untracked 
| 150|0x000000070bc00000, 0x000000070bc00000, 0x000000070bd00000|  0%| F|  |TAMS 0x000000070bc00000, 0x000000070bc00000| Untracked 
| 151|0x000000070bd00000, 0x000000070bd00000, 0x000000070be00000|  0%| F|  |TAMS 0x000000070bd00000, 0x000000070bd00000| Untracked 
| 152|0x000000070be00000, 0x000000070be00000, 0x000000070bf00000|  0%| F|  |TAMS 0x000000070be00000, 0x000000070be00000| Untracked 
| 153|0x000000070bf00000, 0x000000070bf00000, 0x000000070c000000|  0%| F|  |TAMS 0x000000070bf00000, 0x000000070bf00000| Untracked 
| 154|0x000000070c000000, 0x000000070c000000, 0x000000070c100000|  0%| F|  |TAMS 0x000000070c000000, 0x000000070c000000| Untracked 
| 155|0x000000070c100000, 0x000000070c100000, 0x000000070c200000|  0%| F|  |TAMS 0x000000070c100000, 0x000000070c100000| Untracked 
| 156|0x000000070c200000, 0x000000070c200000, 0x000000070c300000|  0%| F|  |TAMS 0x000000070c200000, 0x000000070c200000| Untracked 
| 157|0x000000070c300000, 0x000000070c300000, 0x000000070c400000|  0%| F|  |TAMS 0x000000070c300000, 0x000000070c300000| Untracked 
| 158|0x000000070c400000, 0x000000070c400000, 0x000000070c500000|  0%| F|  |TAMS 0x000000070c400000, 0x000000070c400000| Untracked 
| 159|0x000000070c500000, 0x000000070c500000, 0x000000070c600000|  0%| F|  |TAMS 0x000000070c500000, 0x000000070c500000| Untracked 
| 160|0x000000070c600000, 0x000000070c600000, 0x000000070c700000|  0%| F|  |TAMS 0x000000070c600000, 0x000000070c600000| Untracked 
| 161|0x000000070c700000, 0x000000070c700000, 0x000000070c800000|  0%| F|  |TAMS 0x000000070c700000, 0x000000070c700000| Untracked 
| 162|0x000000070c800000, 0x000000070c800000, 0x000000070c900000|  0%| F|  |TAMS 0x000000070c800000, 0x000000070c800000| Untracked 
| 163|0x000000070c900000, 0x000000070c900000, 0x000000070ca00000|  0%| F|  |TAMS 0x000000070c900000, 0x000000070c900000| Untracked 
| 164|0x000000070ca00000, 0x000000070ca00000, 0x000000070cb00000|  0%| F|  |TAMS 0x000000070ca00000, 0x000000070ca00000| Untracked 
| 165|0x000000070cb00000, 0x000000070cb00000, 0x000000070cc00000|  0%| F|  |TAMS 0x000000070cb00000, 0x000000070cb00000| Untracked 
| 166|0x000000070cc00000, 0x000000070cc00000, 0x000000070cd00000|  0%| F|  |TAMS 0x000000070cc00000, 0x000000070cc00000| Untracked 
| 167|0x000000070cd00000, 0x000000070cd00000, 0x000000070ce00000|  0%| F|  |TAMS 0x000000070cd00000, 0x000000070cd00000| Untracked 
| 168|0x000000070ce00000, 0x000000070ce00000, 0x000000070cf00000|  0%| F|  |TAMS 0x000000070ce00000, 0x000000070ce00000| Untracked 
| 169|0x000000070cf00000, 0x000000070cf00000, 0x000000070d000000|  0%| F|  |TAMS 0x000000070cf00000, 0x000000070cf00000| Untracked 
| 170|0x000000070d000000, 0x000000070d000000, 0x000000070d100000|  0%| F|  |TAMS 0x000000070d000000, 0x000000070d000000| Untracked 
| 171|0x000000070d100000, 0x000000070d139810, 0x000000070d200000| 22%| S|CS|TAMS 0x000000070d100000, 0x000000070d100000| Complete 
| 172|0x000000070d200000, 0x000000070d200000, 0x000000070d300000|  0%| F|  |TAMS 0x000000070d200000, 0x000000070d200000| Untracked 
| 173|0x000000070d300000, 0x000000070d300000, 0x000000070d400000|  0%| F|  |TAMS 0x000000070d300000, 0x000000070d300000| Untracked 
| 174|0x000000070d400000, 0x000000070d400000, 0x000000070d500000|  0%| F|  |TAMS 0x000000070d400000, 0x000000070d400000| Untracked 
| 175|0x000000070d500000, 0x000000070d500000, 0x000000070d600000|  0%| F|  |TAMS 0x000000070d500000, 0x000000070d500000| Untracked 
| 176|0x000000070d600000, 0x000000070d600000, 0x000000070d700000|  0%| F|  |TAMS 0x000000070d600000, 0x000000070d600000| Untracked 
| 177|0x000000070d700000, 0x000000070d780800, 0x000000070d800000| 50%| E|  |TAMS 0x000000070d700000, 0x000000070d700000| Complete 
| 199|0x000000070ed00000, 0x000000070ee00000, 0x000000070ee00000|100%| E|CS|TAMS 0x000000070ed00000, 0x000000070ed00000| Complete 
| 382|0x000000071a400000, 0x000000071a500000, 0x000000071a500000|100%| E|CS|TAMS 0x000000071a400000, 0x000000071a400000| Complete 

Card table byte_map: [0x0000021e53ff0000,0x0000021e547e0000] _byte_map_base: 0x0000021e507dd000

Marking Bits (Prev, Next): (CMBitMap*) 0x0000021e3b785768, (CMBitMap*) 0x0000021e3b785728
 Prev Bits: [0x0000021e58f40000, 0x0000021e5cea8000)
 Next Bits: [0x0000021e54fd0000, 0x0000021e58f38000)

Polling page: 0x0000021e3b800000

Metaspace:

Usage:
  Non-class:      7.44 MB capacity,     7.27 MB ( 98%) used,   150.69 KB (  2%) free+waste,    21.00 KB ( <1%) overhead. 
      Class:    973.00 KB capacity,   859.02 KB ( 88%) used,   100.73 KB ( 10%) free+waste,    13.25 KB (  1%) overhead. 
       Both:      8.39 MB capacity,     8.11 MB ( 97%) used,   251.42 KB (  3%) free+waste,    34.25 KB ( <1%) overhead. 

Virtual space:
  Non-class space:        8.00 MB reserved,       7.50 MB ( 94%) committed 
      Class space:        1.00 GB reserved,       1.00 MB ( <1%) committed 
             Both:        1.01 GB reserved,       8.50 MB ( <1%) committed 

Chunk freelists:
   Non-Class:  2.00 KB
       Class:  19.00 KB
        Both:  21.00 KB

MaxMetaspaceSize: 17179869184.00 GB
CompressedClassSpaceSize: 1.00 GB

CodeHeap 'non-profiled nmethods': size=120000Kb used=1016Kb max_used=1111Kb free=118983Kb
 bounds [0x0000021e4b720000, 0x0000021e4b990000, 0x0000021e52c50000]
CodeHeap 'profiled nmethods': size=120000Kb used=2727Kb max_used=3371Kb free=117272Kb
 bounds [0x0000021e441f0000, 0x0000021e44540000, 0x0000021e4b720000]
CodeHeap 'non-nmethods': size=5760Kb used=1283Kb max_used=1331Kb free=4476Kb
 bounds [0x0000021e43c50000, 0x0000021e43ec0000, 0x0000021e441f0000]
 total_blobs=3048 nmethods=1542 adapters=476
 compilation: enabled
              stopped_count=0, restarted_count=0
 full_count=0

Compilation events (20 events):
Event: 6.814 Thread 0x0000021e602d2800 1676       3       java.util.EventObject::<init> (24 bytes)
Event: 6.815 Thread 0x0000021e602d2800 nmethod 1676 0x0000021e44539710 code [0x0000021e445398e0, 0x0000021e44539c30]
Event: 6.818 Thread 0x0000021e602d2800 1677       3       javax.swing.JComponent::contains (27 bytes)
Event: 6.818 Thread 0x0000021e602d2800 nmethod 1677 0x0000021e44539d10 code [0x0000021e44539ee0, 0x0000021e4453a5f8]
Event: 6.821 Thread 0x0000021e602d2800 1678       3       java.awt.EventQueue::eventToCacheIndex (80 bytes)
Event: 6.821 Thread 0x0000021e602d2800 nmethod 1678 0x0000021e4453a790 code [0x0000021e4453a960, 0x0000021e4453af38]
Event: 6.994 Thread 0x0000021e5fa37000 1679 %     4       map.Room::render @ 293 (396 bytes)
Event: 7.002 Thread 0x0000021e5fa37000 nmethod 1679% 0x0000021e4b761690 code [0x0000021e4b761860, 0x0000021e4b761f88]
Event: 7.034 Thread 0x0000021e602d2800 1680       3       sun.java2d.pipe.Region::isInsideQuickCheck (57 bytes)
Event: 7.034 Thread 0x0000021e602d2800 nmethod 1680 0x0000021e442e7b10 code [0x0000021e442e7cc0, 0x0000021e442e7f98]
Event: 7.097 Thread 0x0000021e5fa37000 1681       4       sun.awt.image.BufImgSurfaceData::<init> (31 bytes)
Event: 7.102 Thread 0x0000021e5fa37000 nmethod 1681 0x0000021e4b76c910 code [0x0000021e4b76caa0, 0x0000021e4b76d098]
Event: 7.137 Thread 0x0000021e602d2800 1682       3       sun.java2d.pipe.Region::isRectangular (13 bytes)
Event: 7.137 Thread 0x0000021e602d2800 nmethod 1682 0x0000021e443d4810 code [0x0000021e443d49c0, 0x0000021e443d4b98]
Event: 7.497 Thread 0x0000021e602d2800 1683       3       engine.Sprite::getHeight (10 bytes)
Event: 7.497 Thread 0x0000021e602d2800 nmethod 1683 0x0000021e4420e910 code [0x0000021e4420eac0, 0x0000021e4420ecf8]
Event: 7.498 Thread 0x0000021e602d2800 1684       3       java.awt.Color::<init> (33 bytes)
Event: 7.499 Thread 0x0000021e602d2800 nmethod 1684 0x0000021e443d2810 code [0x0000021e443d29c0, 0x0000021e443d2c58]
Event: 7.762 Thread 0x0000021e5fa37000 1685       4       java.util.HashMap::getNode (148 bytes)
Event: 7.768 Thread 0x0000021e5fa37000 nmethod 1685 0x0000021e4b76bd90 code [0x0000021e4b76bf60, 0x0000021e4b76c548]

GC Heap History (20 events):
Event: 6.530 GC heap before
{Heap before GC invocations=170 (full 0):
 garbage-first heap   total 184320K, used 84837K [0x0000000702600000, 0x0000000800000000)
  region size 1024K, 8 young (8192K), 1 survivors (1024K)
 Metaspace       used 8291K, capacity 8587K, committed 8704K, reserved 1056768K
  class space    used 858K, capacity 973K, committed 1024K, reserved 1048576K
}
Event: 6.532 GC heap after
{Heap after GC invocations=171 (full 0):
 garbage-first heap   total 184320K, used 50027K [0x0000000702600000, 0x0000000800000000)
  region size 1024K, 1 young (1024K), 1 survivors (1024K)
 Metaspace       used 8291K, capacity 8587K, committed 8704K, reserved 1056768K
  class space    used 858K, capacity 973K, committed 1024K, reserved 1048576K
}
Event: 6.664 GC heap before
{Heap before GC invocations=172 (full 0):
 garbage-first heap   total 184320K, used 84843K [0x0000000702600000, 0x0000000800000000)
  region size 1024K, 8 young (8192K), 1 survivors (1024K)
 Metaspace       used 8291K, capacity 8587K, committed 8704K, reserved 1056768K
  class space    used 858K, capacity 973K, committed 1024K, reserved 1048576K
}
Event: 6.665 GC heap after
{Heap after GC invocations=173 (full 0):
 garbage-first heap   total 184320K, used 50025K [0x0000000702600000, 0x0000000800000000)
  region size 1024K, 1 young (1024K), 1 survivors (1024K)
 Metaspace       used 8291K, capacity 8587K, committed 8704K, reserved 1056768K
  class space    used 858K, capacity 973K, committed 1024K, reserved 1048576K
}
Event: 6.797 GC heap before
{Heap before GC invocations=174 (full 0):
 garbage-first heap   total 184320K, used 84841K [0x0000000702600000, 0x0000000800000000)
  region size 1024K, 8 young (8192K), 1 survivors (1024K)
 Metaspace       used 8292K, capacity 8587K, committed 8704K, reserved 1056768K
  class space    used 858K, capacity 973K, committed 1024K, reserved 1048576K
}
Event: 6.798 GC heap after
{Heap after GC invocations=175 (full 0):
 garbage-first heap   total 184320K, used 50024K [0x0000000702600000, 0x0000000800000000)
  region size 1024K, 1 young (1024K), 1 survivors (1024K)
 Metaspace       used 8292K, capacity 8587K, committed 8704K, reserved 1056768K
  class space    used 858K, capacity 973K, committed 1024K, reserved 1048576K
}
Event: 6.930 GC heap before
{Heap before GC invocations=176 (full 0):
 garbage-first heap   total 184320K, used 84840K [0x0000000702600000, 0x0000000800000000)
  region size 1024K, 8 young (8192K), 1 survivors (1024K)
 Metaspace       used 8299K, capacity 8587K, committed 8704K, reserved 1056768K
  class space    used 859K, capacity 973K, committed 1024K, reserved 1048576K
}
Event: 6.931 GC heap after
{Heap after GC invocations=177 (full 0):
 garbage-first heap   total 184320K, used 50019K [0x0000000702600000, 0x0000000800000000)
  region size 1024K, 1 young (1024K), 1 survivors (1024K)
 Metaspace       used 8299K, capacity 8587K, committed 8704K, reserved 1056768K
  class space    used 859K, capacity 973K, committed 1024K, reserved 1048576K
}
Event: 7.064 GC heap before
{Heap before GC invocations=178 (full 0):
 garbage-first heap   total 184320K, used 84835K [0x0000000702600000, 0x0000000800000000)
  region size 1024K, 8 young (8192K), 1 survivors (1024K)
 Metaspace       used 8299K, capacity 8587K, committed 8704K, reserved 1056768K
  class space    used 859K, capacity 973K, committed 1024K, reserved 1048576K
}
Event: 7.065 GC heap after
{Heap after GC invocations=179 (full 0):
 garbage-first heap   total 184320K, used 50030K [0x0000000702600000, 0x0000000800000000)
  region size 1024K, 1 young (1024K), 1 survivors (1024K)
 Metaspace       used 8299K, capacity 8587K, committed 8704K, reserved 1056768K
  class space    used 859K, capacity 973K, committed 1024K, reserved 1048576K
}
Event: 7.197 GC heap before
{Heap before GC invocations=180 (full 0):
 garbage-first heap   total 184320K, used 84846K [0x0000000702600000, 0x0000000800000000)
  region size 1024K, 8 young (8192K), 1 survivors (1024K)
 Metaspace       used 8299K, capacity 8587K, committed 8704K, reserved 1056768K
  class space    used 859K, capacity 973K, committed 1024K, reserved 1048576K
}
Event: 7.198 GC heap after
{Heap after GC invocations=181 (full 0):
 garbage-first heap   total 184320K, used 50030K [0x0000000702600000, 0x0000000800000000)
  region size 1024K, 1 young (1024K), 1 survivors (1024K)
 Metaspace       used 8299K, capacity 8587K, committed 8704K, reserved 1056768K
  class space    used 859K, capacity 973K, committed 1024K, reserved 1048576K
}
Event: 7.330 GC heap before
{Heap before GC invocations=182 (full 0):
 garbage-first heap   total 184320K, used 84846K [0x0000000702600000, 0x0000000800000000)
  region size 1024K, 8 young (8192K), 1 survivors (1024K)
 Metaspace       used 8299K, capacity 8587K, committed 8704K, reserved 1056768K
  class space    used 859K, capacity 973K, committed 1024K, reserved 1048576K
}
Event: 7.331 GC heap after
{Heap after GC invocations=183 (full 0):
 garbage-first heap   total 184320K, used 50025K [0x0000000702600000, 0x0000000800000000)
  region size 1024K, 1 young (1024K), 1 survivors (1024K)
 Metaspace       used 8299K, capacity 8587K, committed 8704K, reserved 1056768K
  class space    used 859K, capacity 973K, committed 1024K, reserved 1048576K
}
Event: 7.463 GC heap before
{Heap before GC invocations=184 (full 0):
 garbage-first heap   total 184320K, used 84841K [0x0000000702600000, 0x0000000800000000)
  region size 1024K, 8 young (8192K), 1 survivors (1024K)
 Metaspace       used 8299K, capacity 8587K, committed 8704K, reserved 1056768K
  class space    used 859K, capacity 973K, committed 1024K, reserved 1048576K
}
Event: 7.464 GC heap after
{Heap after GC invocations=185 (full 0):
 garbage-first heap   total 184320K, used 50027K [0x0000000702600000, 0x0000000800000000)
  region size 1024K, 1 young (1024K), 1 survivors (1024K)
 Metaspace       used 8299K, capacity 8587K, committed 8704K, reserved 1056768K
  class space    used 859K, capacity 973K, committed 1024K, reserved 1048576K
}
Event: 7.597 GC heap before
{Heap before GC invocations=186 (full 0):
 garbage-first heap   total 184320K, used 84843K [0x0000000702600000, 0x0000000800000000)
  region size 1024K, 8 young (8192K), 1 survivors (1024K)
 Metaspace       used 8299K, capacity 8587K, committed 8704K, reserved 1056768K
  class space    used 859K, capacity 973K, committed 1024K, reserved 1048576K
}
Event: 7.598 GC heap after
{Heap after GC invocations=187 (full 0):
 garbage-first heap   total 184320K, used 50027K [0x0000000702600000, 0x0000000800000000)
  region size 1024K, 1 young (1024K), 1 survivors (1024K)
 Metaspace       used 8299K, capacity 8587K, committed 8704K, reserved 1056768K
  class space    used 859K, capacity 973K, committed 1024K, reserved 1048576K
}
Event: 7.730 GC heap before
{Heap before GC invocations=188 (full 0):
 garbage-first heap   total 184320K, used 84843K [0x0000000702600000, 0x0000000800000000)
  region size 1024K, 8 young (8192K), 1 survivors (1024K)
 Metaspace       used 8299K, capacity 8587K, committed 8704K, reserved 1056768K
  class space    used 859K, capacity 973K, committed 1024K, reserved 1048576K
}
Event: 7.731 GC heap after
{Heap after GC invocations=189 (full 0):
 garbage-first heap   total 184320K, used 50019K [0x0000000702600000, 0x0000000800000000)
  region size 1024K, 1 young (1024K), 1 survivors (1024K)
 Metaspace       used 8299K, capacity 8587K, committed 8704K, reserved 1056768K
  class space    used 859K, capacity 973K, committed 1024K, reserved 1048576K
}

Deoptimization events (20 events):
Event: 3.158 Thread 0x0000021e3b719800 Uncommon trap: trap_request=0xffffffde fr.pc=0x0000021e4b80dcc8 relative=0x0000000000000128
Event: 3.158 Thread 0x0000021e3b719800 Uncommon trap: reason=class_check action=maybe_recompile pc=0x0000021e4b80dcc8 method=jdk.internal.misc.Unsafe.allocateUninitializedArray(Ljava/lang/Class;I)Ljava/lang/Object; @ 48 c2
Event: 3.158 Thread 0x0000021e3b719800 DEOPT PACKING pc=0x0000021e4b80dcc8 sp=0x0000005335ffed50
Event: 3.158 Thread 0x0000021e3b719800 DEOPT UNPACKING pc=0x0000021e43c9912f sp=0x0000005335ffecd8 mode 2
Event: 3.158 Thread 0x0000021e3b719800 Uncommon trap: trap_request=0xffffffde fr.pc=0x0000021e4b80dcc8 relative=0x0000000000000128
Event: 3.158 Thread 0x0000021e3b719800 Uncommon trap: reason=class_check action=maybe_recompile pc=0x0000021e4b80dcc8 method=jdk.internal.misc.Unsafe.allocateUninitializedArray(Ljava/lang/Class;I)Ljava/lang/Object; @ 48 c2
Event: 3.158 Thread 0x0000021e3b719800 DEOPT PACKING pc=0x0000021e4b80dcc8 sp=0x0000005335ffed50
Event: 3.158 Thread 0x0000021e3b719800 DEOPT UNPACKING pc=0x0000021e43c9912f sp=0x0000005335ffecd8 mode 2
Event: 3.912 Thread 0x0000021e5fa34800 Uncommon trap: trap_request=0xffffff45 fr.pc=0x0000021e4b770fa0 relative=0x0000000000000200
Event: 3.912 Thread 0x0000021e5fa34800 Uncommon trap: reason=unstable_if action=reinterpret pc=0x0000021e4b770fa0 method=java.lang.String.contains(Ljava/lang/CharSequence;)Z @ 10 c2
Event: 3.912 Thread 0x0000021e5fa34800 DEOPT PACKING pc=0x0000021e4b770fa0 sp=0x00000053369fe620
Event: 3.912 Thread 0x0000021e5fa34800 DEOPT UNPACKING pc=0x0000021e43c9912f sp=0x00000053369fe5d0 mode 2
Event: 7.774 Thread 0x0000021e3b719800 Uncommon trap: trap_request=0xffffff54 fr.pc=0x0000021e4b7d9adc relative=0x0000000000003a5c
Event: 7.774 Thread 0x0000021e3b719800 Uncommon trap: reason=speculate_null_assert action=make_not_entrant pc=0x0000021e4b7d9adc method=sun.java2d.SurfaceData.getSourceSurfaceData(Ljava/awt/Image;ILsun/java2d/loops/CompositeType;Ljava/awt/Color;)Lsun/java2d/SurfaceData; @ 45 c2
Event: 7.774 Thread 0x0000021e3b719800 DEOPT PACKING pc=0x0000021e4b7d9adc sp=0x0000005335ffefa0
Event: 7.774 Thread 0x0000021e3b719800 DEOPT UNPACKING pc=0x0000021e43c9912f sp=0x0000005335ffef88 mode 2
Event: 7.774 Thread 0x0000021e3b719800 Uncommon trap: trap_request=0xffffffde fr.pc=0x0000021e4b801284 relative=0x00000000000004a4
Event: 7.774 Thread 0x0000021e3b719800 Uncommon trap: reason=class_check action=maybe_recompile pc=0x0000021e4b801284 method=sun.java2d.Disposer.add(Ljava/lang/Object;Lsun/java2d/DisposerRecord;)V @ 1 c2
Event: 7.774 Thread 0x0000021e3b719800 DEOPT PACKING pc=0x0000021e4b801284 sp=0x0000005335ffe450
Event: 7.774 Thread 0x0000021e3b719800 DEOPT UNPACKING pc=0x0000021e43c9912f sp=0x0000005335ffe398 mode 2

Classes unloaded (0 events):
No events

Classes redefined (0 events):
No events

Internal exceptions (20 events):
Event: 1.786 Thread 0x0000021e60924800 Exception <a 'java/lang/ArrayIndexOutOfBoundsException'{0x00000007093ddbf8}: Index 0 out of bounds for length 0> (0x00000007093ddbf8) 
thrown [t:/workspace/open/src/hotspot/share/interpreter/interpreterRuntime.cpp, line 458]
Event: 1.786 Thread 0x0000021e60924800 Exception <a 'java/lang/ArrayIndexOutOfBoundsException'{0x00000007093debd8}: Index 0 out of bounds for length 0> (0x00000007093debd8) 
thrown [t:/workspace/open/src/hotspot/share/interpreter/interpreterRuntime.cpp, line 458]
Event: 1.786 Thread 0x0000021e60924800 Exception <a 'java/lang/ArrayIndexOutOfBoundsException'{0x00000007093dfbb8}: Index 0 out of bounds for length 0> (0x00000007093dfbb8) 
thrown [t:/workspace/open/src/hotspot/share/interpreter/interpreterRuntime.cpp, line 458]
Event: 1.786 Thread 0x0000021e60924800 Exception <a 'java/lang/ArrayIndexOutOfBoundsException'{0x00000007093e0b98}: Index 0 out of bounds for length 0> (0x00000007093e0b98) 
thrown [t:/workspace/open/src/hotspot/share/interpreter/interpreterRuntime.cpp, line 458]
Event: 1.787 Thread 0x0000021e60924800 Exception <a 'java/lang/ArrayIndexOutOfBoundsException'{0x00000007093e1b78}: Index 0 out of bounds for length 0> (0x00000007093e1b78) 
thrown [t:/workspace/open/src/hotspot/share/interpreter/interpreterRuntime.cpp, line 458]
Event: 1.787 Thread 0x0000021e60924800 Exception <a 'java/lang/ArrayIndexOutOfBoundsException'{0x00000007093e2b58}: Index 0 out of bounds for length 0> (0x00000007093e2b58) 
thrown [t:/workspace/open/src/hotspot/share/interpreter/interpreterRuntime.cpp, line 458]
Event: 1.787 Thread 0x0000021e60924800 Exception <a 'java/lang/ArrayIndexOutOfBoundsException'{0x00000007093e3b38}: Index 0 out of bounds for length 0> (0x00000007093e3b38) 
thrown [t:/workspace/open/src/hotspot/share/interpreter/interpreterRuntime.cpp, line 458]
Event: 1.787 Thread 0x0000021e60924800 Exception <a 'java/lang/ArrayIndexOutOfBoundsException'{0x00000007093e4c48}: Index 0 out of bounds for length 0> (0x00000007093e4c48) 
thrown [t:/workspace/open/src/hotspot/share/interpreter/interpreterRuntime.cpp, line 458]
Event: 1.787 Thread 0x0000021e60924800 Exception <a 'java/lang/ArrayIndexOutOfBoundsException'{0x00000007093e5c28}: Index 0 out of bounds for length 0> (0x00000007093e5c28) 
thrown [t:/workspace/open/src/hotspot/share/interpreter/interpreterRuntime.cpp, line 458]
Event: 1.790 Thread 0x0000021e60924800 Exception <a 'java/lang/ClassCastException'{0x0000000709203c60}: class java.lang.Integer cannot be cast to class java.lang.String (java.lang.Integer and java.lang.String are in module java.base of loader 'bootstrap')> (0x0000000709203c60) 
thrown [t:/workspace/open/src/hotspot/share/interpreter/interpreterRuntime.cpp, line 474]
Event: 1.790 Thread 0x0000021e60924800 Exception <a 'java/lang/ClassCastException'{0x0000000709203ff0}: class java.lang.Integer cannot be cast to class java.lang.String (java.lang.Integer and java.lang.String are in module java.base of loader 'bootstrap')> (0x0000000709203ff0) 
thrown [t:/workspace/open/src/hotspot/share/interpreter/interpreterRuntime.cpp, line 474]
Event: 1.791 Thread 0x0000021e60924800 Exception <a 'java/lang/ArrayIndexOutOfBoundsException'{0x0000000709204cd0}: Index 0 out of bounds for length 0> (0x0000000709204cd0) 
thrown [t:/workspace/open/src/hotspot/share/interpreter/interpreterRuntime.cpp, line 458]
Event: 1.791 Thread 0x0000021e60924800 Exception <a 'java/lang/ArrayIndexOutOfBoundsException'{0x00000007092059d0}: Index 0 out of bounds for length 0> (0x00000007092059d0) 
thrown [t:/workspace/open/src/hotspot/share/interpreter/interpreterRuntime.cpp, line 458]
Event: 1.791 Thread 0x0000021e60924800 Exception <a 'java/lang/ArrayIndexOutOfBoundsException'{0x00000007092066b0}: Index 0 out of bounds for length 0> (0x00000007092066b0) 
thrown [t:/workspace/open/src/hotspot/share/interpreter/interpreterRuntime.cpp, line 458]
Event: 1.791 Thread 0x0000021e60924800 Exception <a 'java/lang/ArrayIndexOutOfBoundsException'{0x0000000709207390}: Index 0 out of bounds for length 0> (0x0000000709207390) 
thrown [t:/workspace/open/src/hotspot/share/interpreter/interpreterRuntime.cpp, line 458]
Event: 1.791 Thread 0x0000021e60924800 Exception <a 'java/lang/ArrayIndexOutOfBoundsException'{0x0000000709208070}: Index 0 out of bounds for length 0> (0x0000000709208070) 
thrown [t:/workspace/open/src/hotspot/share/interpreter/interpreterRuntime.cpp, line 458]
Event: 1.967 Thread 0x0000021e60924800 Exception <a 'java/lang/NullPointerException'{0x0000000708e1f4a0}> (0x0000000708e1f4a0) 
thrown [t:/workspace/open/src/hotspot/share/interpreter/linkResolver.cpp, line 1349]
Event: 1.967 Thread 0x0000021e60924800 Exception <a 'java/lang/NullPointerException'{0x0000000708e20580}> (0x0000000708e20580) 
thrown [t:/workspace/open/src/hotspot/share/interpreter/linkResolver.cpp, line 1349]
Event: 1.968 Thread 0x0000021e60924800 Exception <a 'java/lang/NullPointerException'{0x0000000708e21668}> (0x0000000708e21668) 
thrown [t:/workspace/open/src/hotspot/share/interpreter/linkResolver.cpp, line 1349]
Event: 1.968 Thread 0x0000021e60924800 Exception <a 'java/lang/NullPointerException'{0x0000000708e243f0}> (0x0000000708e243f0) 
thrown [t:/workspace/open/src/hotspot/share/interpreter/linkResolver.cpp, line 1349]

Events (20 events):
Event: 7.769 Thread 0x0000021e5fa39800 flushing nmethod 0x0000021e442bf310
Event: 7.769 Thread 0x0000021e5fa39800 flushing nmethod 0x0000021e442c5610
Event: 7.769 Thread 0x0000021e5fa39800 flushing nmethod 0x0000021e442d7510
Event: 7.769 Thread 0x0000021e5fa39800 flushing nmethod 0x0000021e442df490
Event: 7.769 Thread 0x0000021e5fa39800 flushing nmethod 0x0000021e442e1890
Event: 7.769 Thread 0x0000021e5fa39800 flushing nmethod 0x0000021e442e6c90
Event: 7.769 Thread 0x0000021e5fa39800 flushing nmethod 0x0000021e442eb490
Event: 7.769 Thread 0x0000021e5fa39800 flushing nmethod 0x0000021e442eef10
Event: 7.769 Thread 0x0000021e5fa39800 flushing nmethod 0x0000021e44358210
Event: 7.769 Thread 0x0000021e5fa39800 flushing nmethod 0x0000021e44391a90
Event: 7.769 Thread 0x0000021e5fa39800 flushing nmethod 0x0000021e44394410
Event: 7.769 Thread 0x0000021e5fa39800 flushing nmethod 0x0000021e443a6590
Event: 7.769 Thread 0x0000021e5fa39800 flushing nmethod 0x0000021e443a9590
Event: 7.769 Thread 0x0000021e5fa39800 flushing nmethod 0x0000021e443aef90
Event: 7.769 Thread 0x0000021e5fa39800 flushing nmethod 0x0000021e443c1710
Event: 7.769 Thread 0x0000021e5fa39800 flushing nmethod 0x0000021e443c5f10
Event: 7.769 Thread 0x0000021e5fa39800 flushing nmethod 0x0000021e443d2d10
Event: 7.769 Thread 0x0000021e5fa39800 flushing nmethod 0x0000021e443d4e10
Event: 7.769 Thread 0x0000021e5fa39800 flushing nmethod 0x0000021e44473210
Event: 7.769 Thread 0x0000021e5fa39800 flushing nmethod 0x0000021e44477010


Dynamic libraries:
0x00007ff6167f0000 - 0x00007ff6167ff000 	C:\Program Files\Java\jdk-13.0.1\bin\javaw.exe
0x00007ffb67470000 - 0x00007ffb67668000 	C:\WINDOWS\SYSTEM32\ntdll.dll
0x00007ffb654d0000 - 0x00007ffb6558d000 	C:\WINDOWS\System32\KERNEL32.DLL
0x00007ffb650c0000 - 0x00007ffb6538e000 	C:\WINDOWS\System32\KERNELBASE.dll
0x00007ffb64ec0000 - 0x00007ffb64fc0000 	C:\WINDOWS\System32\ucrtbase.dll
0x00007ffb3e240000 - 0x00007ffb3e255000 	C:\Program Files\Java\jdk-13.0.1\bin\VCRUNTIME140.dll
0x00007ffb54530000 - 0x00007ffb54548000 	C:\Program Files\Java\jdk-13.0.1\bin\jli.dll
0x00007ffb66e50000 - 0x00007ffb66efe000 	C:\WINDOWS\System32\ADVAPI32.dll
0x00007ffb65c50000 - 0x00007ffb65cee000 	C:\WINDOWS\System32\msvcrt.dll
0x00007ffb658d0000 - 0x00007ffb6596c000 	C:\WINDOWS\System32\sechost.dll
0x00007ffb659b0000 - 0x00007ffb65ad5000 	C:\WINDOWS\System32\RPCRT4.dll
0x00007ffb67160000 - 0x00007ffb67300000 	C:\WINDOWS\System32\USER32.dll
0x00007ffb654a0000 - 0x00007ffb654c2000 	C:\WINDOWS\System32\win32u.dll
0x00007ffb65b40000 - 0x00007ffb65b6a000 	C:\WINDOWS\System32\GDI32.dll
0x00007ffb64b90000 - 0x00007ffb64c9b000 	C:\WINDOWS\System32\gdi32full.dll
0x00007ffb65390000 - 0x00007ffb6542d000 	C:\WINDOWS\System32\msvcp_win.dll
0x00007ffb4f940000 - 0x00007ffb4fbda000 	C:\WINDOWS\WinSxS\amd64_microsoft.windows.common-controls_6595b64144ccf1df_6.0.19041.1110_none_60b5254171f9507e\COMCTL32.dll
0x00007ffb5dcc0000 - 0x00007ffb5dcca000 	C:\WINDOWS\SYSTEM32\VERSION.dll
0x00007ffb65970000 - 0x00007ffb659a0000 	C:\WINDOWS\System32\IMM32.DLL
0x00007ffb1f900000 - 0x00007ffb1f99b000 	C:\Program Files\Java\jdk-13.0.1\bin\msvcp140.dll
0x00007ffb3cbe0000 - 0x00007ffb3d746000 	C:\Program Files\Java\jdk-13.0.1\bin\server\jvm.dll
0x00007ffb659a0000 - 0x00007ffb659a8000 	C:\WINDOWS\System32\PSAPI.DLL
0x00007ffb40270000 - 0x00007ffb40279000 	C:\WINDOWS\SYSTEM32\WSOCK32.dll
0x00007ffb57690000 - 0x00007ffb576b7000 	C:\WINDOWS\SYSTEM32\WINMM.dll
0x00007ffb66460000 - 0x00007ffb664cb000 	C:\WINDOWS\System32\WS2_32.dll
0x00007ffb63400000 - 0x00007ffb63412000 	C:\WINDOWS\SYSTEM32\kernel.appcore.dll
0x00007ffb40e70000 - 0x00007ffb40e80000 	C:\Program Files\Java\jdk-13.0.1\bin\verify.dll
0x00007ffb628a0000 - 0x00007ffb62a84000 	C:\WINDOWS\SYSTEM32\DBGHELP.DLL
0x00007ffb54810000 - 0x00007ffb5483c000 	C:\WINDOWS\SYSTEM32\dbgcore.DLL
0x00007ffb64ca0000 - 0x00007ffb64d22000 	C:\WINDOWS\System32\bcryptPrimitives.dll
0x00007ffb3c470000 - 0x00007ffb3c496000 	C:\Program Files\Java\jdk-13.0.1\bin\java.dll
0x00007ffb3eff0000 - 0x00007ffb3f007000 	C:\Program Files\Java\jdk-13.0.1\bin\zip.dll
0x00007ffb3efe0000 - 0x00007ffb3efea000 	C:\Program Files\Java\jdk-13.0.1\bin\jimage.dll
0x00007ffb65cf0000 - 0x00007ffb66433000 	C:\WINDOWS\System32\SHELL32.dll
0x00007ffb62c20000 - 0x00007ffb633b5000 	C:\WINDOWS\SYSTEM32\windows.storage.dll
0x00007ffb66570000 - 0x00007ffb668c4000 	C:\WINDOWS\System32\combase.dll
0x00007ffb645f0000 - 0x00007ffb64620000 	C:\WINDOWS\SYSTEM32\Wldp.dll
0x00007ffb66f60000 - 0x00007ffb6700d000 	C:\WINDOWS\System32\SHCORE.dll
0x00007ffb66f00000 - 0x00007ffb66f55000 	C:\WINDOWS\System32\shlwapi.dll
0x00007ffb64ad0000 - 0x00007ffb64aef000 	C:\WINDOWS\SYSTEM32\profapi.dll
0x00007ffb157f0000 - 0x00007ffb15989000 	C:\Program Files\Java\jdk-13.0.1\bin\awt.dll
0x00007ffb67090000 - 0x00007ffb6715d000 	C:\WINDOWS\System32\OLEAUT32.dll
0x00007ffb613d0000 - 0x00007ffb61990000 	C:\WINDOWS\SYSTEM32\d2d1.dll
0x00007ffb61f40000 - 0x00007ffb61fd0000 	C:\WINDOWS\SYSTEM32\apphelp.dll
0x00007ffb62420000 - 0x00007ffb6244f000 	C:\WINDOWS\system32\DWMAPI.DLL
0x00007ffb62080000 - 0x00007ffb6211e000 	C:\WINDOWS\system32\uxtheme.dll
0x00007ffb247d0000 - 0x00007ffb248f7000 	C:\WINDOWS\system32\opengl32.dll
0x00007ffb25b00000 - 0x00007ffb25b2c000 	C:\WINDOWS\SYSTEM32\GLU32.dll
0x00007ffb65590000 - 0x00007ffb656a5000 	C:\WINDOWS\System32\MSCTF.dll
0x00007ffb67300000 - 0x00007ffb6742a000 	C:\WINDOWS\System32\ole32.dll
0x00007ffb64780000 - 0x00007ffb64792000 	C:\WINDOWS\SYSTEM32\msasn1.dll
0x00007ffb58d20000 - 0x00007ffb58d51000 	C:\WINDOWS\SYSTEM32\cryptnet.dll
0x00007ffb64d60000 - 0x00007ffb64eb6000 	C:\WINDOWS\System32\CRYPT32.dll
0x00007ffb56490000 - 0x00007ffb565d8000 	C:\WINDOWS\SYSTEM32\drvstore.dll
0x00007ffb64940000 - 0x00007ffb6496c000 	C:\WINDOWS\SYSTEM32\devobj.dll
0x00007ffb65070000 - 0x00007ffb650be000 	C:\WINDOWS\System32\cfgmgr32.dll
0x00007ffb644d0000 - 0x00007ffb644dc000 	C:\WINDOWS\SYSTEM32\cryptbase.dll
0x00007ffb65430000 - 0x00007ffb65499000 	C:\WINDOWS\System32\WINTRUST.DLL
0x00007ffb66440000 - 0x00007ffb6645d000 	C:\WINDOWS\System32\imagehlp.dll
0x00007ffb644b0000 - 0x00007ffb644c8000 	C:\WINDOWS\SYSTEM32\CRYPTSP.dll
0x00007ffb63c20000 - 0x00007ffb63c54000 	C:\WINDOWS\system32\rsaenh.dll
0x00007ffb64d30000 - 0x00007ffb64d57000 	C:\WINDOWS\System32\bcrypt.dll
0x00007ffaf8400000 - 0x00007ffaf86c3000 	C:\WINDOWS\system32\nvspcap64.dll
0x00007ffb63850000 - 0x00007ffb63883000 	C:\WINDOWS\SYSTEM32\ntmarta.dll
0x00007ffb633d0000 - 0x00007ffb633f3000 	C:\WINDOWS\SYSTEM32\gpapi.dll
0x00007ffb4fe60000 - 0x00007ffb4fe9b000 	C:\WINDOWS\SYSTEM32\dxcore.dll
0x00007ffb20950000 - 0x00007ffb209d2000 	C:\Program Files\Java\jdk-13.0.1\bin\freetype.dll
0x00007ffb15740000 - 0x00007ffb157e6000 	C:\Program Files\Java\jdk-13.0.1\bin\fontmanager.dll
0x00007ffb4f0a0000 - 0x00007ffb4f199000 	C:\WINDOWS\SYSTEM32\textinputframework.dll
0x00007ffb61070000 - 0x00007ffb613ce000 	C:\WINDOWS\System32\CoreUIComponents.dll
0x00007ffb61d10000 - 0x00007ffb61e02000 	C:\WINDOWS\System32\CoreMessaging.dll
0x00007ffb60630000 - 0x00007ffb60784000 	C:\WINDOWS\SYSTEM32\wintypes.dll
0x00007ffb31130000 - 0x00007ffb31196000 	C:\WINDOWS\system32\Oleacc.dll
0x00007ffb3b140000 - 0x00007ffb3b159000 	C:\Program Files\Java\jdk-13.0.1\bin\net.dll
0x00007ffb5ba10000 - 0x00007ffb5bb1a000 	C:\WINDOWS\SYSTEM32\WINHTTP.dll
0x00007ffb64300000 - 0x00007ffb6436a000 	C:\WINDOWS\system32\mswsock.dll
0x00007ffb3a270000 - 0x00007ffb3a283000 	C:\Program Files\Java\jdk-13.0.1\bin\nio.dll

dbghelp: loaded successfully - version: 4.0.5 - missing functions: none
symbol engine: initialized successfully - sym options: 0x614 - pdb path: .;C:\Program Files\Java\jdk-13.0.1\bin;C:\WINDOWS\SYSTEM32;C:\WINDOWS\WinSxS\amd64_microsoft.windows.common-controls_6595b64144ccf1df_6.0.19041.1110_none_60b5254171f9507e;C:\Program Files\Java\jdk-13.0.1\bin\server;C:\WINDOWS\System32\DriverStore\FileRepository\nvhm.inf_amd64_4a2f8a62d5686839;C:\WINDOWS\System32\DriverStore\FileRepository\iigd_dch.inf_amd64_d60a3faa7932ec00

VM Arguments:
jvm_args: -Dfile.encoding=Cp1252 
java_command: engine.RenderLoop
java_class_path (initial): D:\workspace2\bombMaster\bin
Launcher Type: SUN_STANDARD

[Global flags]
     intx CICompilerCount                          = 4                                         {product} {ergonomic}
     uint ConcGCThreads                            = 2                                         {product} {ergonomic}
     uint G1ConcRefinementThreads                  = 8                                         {product} {ergonomic}
   size_t G1HeapRegionSize                         = 1048576                                   {product} {ergonomic}
    uintx GCDrainStackTargetSize                   = 64                                        {product} {ergonomic}
   size_t InitialHeapSize                          = 266338304                                 {product} {ergonomic}
   size_t MarkStackSize                            = 4194304                                   {product} {ergonomic}
   size_t MaxHeapSize                              = 4255121408                                {product} {ergonomic}
   size_t MaxNewSize                               = 2552233984                                {product} {ergonomic}
   size_t MinHeapDeltaBytes                        = 1048576                                   {product} {ergonomic}
   size_t MinHeapSize                              = 8388608                                   {product} {ergonomic}
    uintx NonNMethodCodeHeapSize                   = 5836300                                {pd product} {ergonomic}
    uintx NonProfiledCodeHeapSize                  = 122910970                              {pd product} {ergonomic}
    uintx ProfiledCodeHeapSize                     = 122910970                              {pd product} {ergonomic}
    uintx ReservedCodeCacheSize                    = 251658240                              {pd product} {ergonomic}
     bool SegmentedCodeCache                       = true                                      {product} {ergonomic}
   size_t SoftMaxHeapSize                          = 4255121408                             {manageable} {ergonomic}
     bool UseCompressedClassPointers               = true                                 {lp64_product} {ergonomic}
     bool UseCompressedOops                        = true                                 {lp64_product} {ergonomic}
     bool UseG1GC                                  = true                                      {product} {ergonomic}
     bool UseLargePagesIndividualAllocation        = false                                  {pd product} {ergonomic}

Logging:
Log output configuration:
 #0: stdout all=warning uptime,level,tags
 #1: stderr all=off uptime,level,tags

Environment Variables:
JAVA_HOME=C:\Program Files\Java\jdk-13.0.1
PATH=C:/Program Files/Java/jdk-13.0.1/bin/server;C:/Program Files/Java/jdk-13.0.1/bin;C:\Program Files (x86)\Common Files\Intel\Shared Libraries\redist\intel64\compiler;C:\windows\system32;C:\windows;C:\windows\System32\Wbem;C:\windows\System32\WindowsPowerShell\v1.0\;C:\windows\System32\OpenSSH\;C:\Program Files (x86)\NVIDIA Corporation\PhysX\Common;C:\WINDOWS\system32;C:\WINDOWS;C:\WINDOWS\System32\Wbem;C:\WINDOWS\System32\WindowsPowerShell\v1.0\;C:\WINDOWS\System32\OpenSSH\;C:\Program Files\Git\cmd;C:\Program Files\nodejs\;C:\Program Files\NVIDIA Corporation\NVIDIA NvDLISR;C:\Program Files\dotnet\;C:\Program Files\PuTTY\;C:\ProgramData\chocolatey\bin;C:\Program Files\apache-maven-3.8.4\bin;C:\Program Files (x86)\dotnet\;C:\Program Files\MySQL\MySQL Shell 8.0\bin\;C:\Users\12242\scoop\shims;C:\Users\12242\AppData\Local\Microsoft\WindowsApps;C:\Users\12242\AppData\Roaming\npm;C:\Users\12242\AppData\Local\Programs\Microsoft VS Code\bin;C:\Program Files\Java\jdk-13.0.1\bin;C:\Users\12242\.dotnet\tools;C:\WINDOWS\system32;
USERNAME=12242
OS=Windows_NT
PROCESSOR_IDENTIFIER=Intel64 Family 6 Model 158 Stepping 10, GenuineIntel



---------------  S Y S T E M  ---------------

OS: Windows 10 , 64 bit Build 19041 (10.0.19041.1889)
HyperV virtualization detected

CPU:total 8 (initial active 8) (4 cores per cpu, 2 threads per core) family 6 model 158 stepping 10, cmov, cx8, fxsr, mmx, sse, sse2, sse3, ssse3, sse4.1, sse4.2, popcnt, avx, avx2, aes, clmul, erms, 3dnowpref, lzcnt, ht, tsc, tscinvbit, bmi1, bmi2, adx, fma

Memory: 4k page, system-wide physical 16225M (7122M free)
TotalPageFile size 29077M (AvailPageFile size 11685M)
current process WorkingSet (physical memory assigned to process): 187M, peak: 278M
current process commit charge ("private bytes"): 302M, peak: 523M

vm_info: Java HotSpot(TM) 64-Bit Server VM (13.0.1+9) for windows-amd64 JRE (13.0.1+9), built on Oct  6 2019 12:37:49 by "mach5one" with unknown MS VC++:1916

END.
