#
# A fatal error has been detected by the Java Runtime Environment:
#
#  EXCEPTION_ACCESS_VIOLATION (0xc0000005) at pc=0x00007ff825262c62, pid=5192, tid=10624
#
# JRE version: Java(TM) SE Runtime Environment (13.0.1+9) (build 13.0.1+9)
# Java VM: Java HotSpot(TM) 64-Bit Server VM (13.0.1+9, mixed mode, sharing, tiered, compressed oops, g1 gc, windows-amd64)
# Problematic frame:
# C  [ntdll.dll+0x32c62]
#
# No core dump will be written. Minidumps are not enabled by default on client versions of Windows
#
# If you would like to submit a bug report, please visit:
#   http://bugreport.java.com/bugreport/crash.jsp
# The crash happened outside the Java Virtual Machine in native code.
# See problematic frame for where to report the bug.
#

---------------  S U M M A R Y ------------

Command Line: -Dfile.encoding=Cp1252 engine.RenderLoop

Host: Intel(R) Core(TM) i5-9300H CPU @ 2.40GHz, 8 cores, 15G,  Windows 10 , 64 bit Build 19041 (10.0.19041.1806)
Time: Sat Jul 23 20:19:53 2022 Central Daylight Time elapsed time: 55 seconds (0d 0h 0m 55s)

---------------  T H R E A D  ---------------

Current thread (0x000002344deea800):  JavaThread "main" [_thread_in_native, id=10624, stack(0x000000fe64a00000,0x000000fe64b00000)]

Stack: [0x000000fe64a00000,0x000000fe64b00000],  sp=0x000000fe64afd8a0,  free space=1014k
Native frames: (J=compiled Java code, j=interpreted, Vv=VM code, C=native code)
C  [ntdll.dll+0x32c62]
C  [ntdll.dll+0x5136c]
C  [ntdll.dll+0xa0dce]
C  [ntdll.dll+0x63416]
C  [ntdll.dll+0x2fcb4]
C  [ntdll.dll+0x2fae2]
C  0x00007ff81aa0fe5c

Java frames: (J=compiled Java code, j=interpreted, Vv=VM code)
j  sun.java2d.d3d.D3DSurfaceData.initOps(III)V+0 java.desktop@13.0.1
j  sun.java2d.d3d.D3DSurfaceData.<init>(Lsun/awt/windows/WComponentPeer;Lsun/java2d/d3d/D3DGraphicsConfig;IILjava/awt/Image;Ljava/awt/image/ColorModel;IILsun/java2d/pipe/hw/ExtendedBufferCapabilities$VSyncType;I)V+212 java.desktop@13.0.1
j  sun.java2d.d3d.D3DSurfaceData.createData(Lsun/java2d/d3d/D3DGraphicsConfig;IILjava/awt/image/ColorModel;Ljava/awt/Image;I)Lsun/java2d/d3d/D3DSurfaceData;+70 java.desktop@13.0.1
j  sun.java2d.d3d.D3DGraphicsConfig.createManagedSurface(III)Lsun/java2d/SurfaceData;+10 java.desktop@13.0.1
j  sun.java2d.d3d.D3DSurfaceDataProxy.validateSurfaceData(Lsun/java2d/SurfaceData;Lsun/java2d/SurfaceData;II)Lsun/java2d/SurfaceData;+22 java.desktop@13.0.1
J 1681 c1 sun.java2d.SurfaceDataProxy.replaceData(Lsun/java2d/SurfaceData;ILsun/java2d/loops/CompositeType;Ljava/awt/Color;)Lsun/java2d/SurfaceData; java.desktop@13.0.1 (329 bytes) @ 0x0000023456c9c824 [0x0000023456c9bdc0+0x0000000000000a64]
j  sun.java2d.SurfaceData.getSourceSurfaceData(Ljava/awt/Image;ILsun/java2d/loops/CompositeType;Ljava/awt/Color;)Lsun/java2d/SurfaceData;+102 java.desktop@13.0.1
j  sun.java2d.pipe.DrawImage.renderImageCopy(Lsun/java2d/SunGraphics2D;Ljava/awt/Image;Ljava/awt/Color;IIIIII)Z+24 java.desktop@13.0.1
J 1652 c2 sun.java2d.SunGraphics2D.copyImage(Ljava/awt/Image;IIIIIILjava/awt/Color;Ljava/awt/image/ImageObserver;)Z java.desktop@13.0.1 (107 bytes) @ 0x000002345df827e4 [0x000002345df82540+0x00000000000002a4]
J 1358 c1 sun.java2d.SunGraphics2D.drawImage(Ljava/awt/Image;IIIILjava/awt/Color;Ljava/awt/image/ImageObserver;)Z java.desktop@13.0.1 (202 bytes) @ 0x0000023456c4bddc [0x0000023456c4b520+0x00000000000008bc]
J 1357 c1 sun.java2d.SunGraphics2D.drawImage(Ljava/awt/Image;IIIILjava/awt/image/ImageObserver;)Z java.desktop@13.0.1 (15 bytes) @ 0x0000023456c4b064 [0x0000023456c4afc0+0x00000000000000a4]
J 1599 c1 engine.GameWindow.refreshFinal(Ljava/awt/image/BufferedImage;)V (38 bytes) @ 0x0000023456ad5b1c [0x0000023456ad4ee0+0x0000000000000c3c]
J 1678 c1 engine.GameWindow.refresh()V (119 bytes) @ 0x0000023456ca07e4 [0x0000023456c9ee80+0x0000000000001964]
J 1079% c2 engine.RenderLoop.main([Ljava/lang/String;)V (131 bytes) @ 0x000002345df5e940 [0x000002345df5e8c0+0x0000000000000080]
v  ~StubRoutines::call_stub

siginfo: EXCEPTION_ACCESS_VIOLATION (0xc0000005), reading address 0x00007ff81abc91d4


Register to memory mapping:

RIP=0x00007ff825262c62 ntdll.dll
RAX=0x0000000000003075 is an unknown value
RBX=0x000000000000fe5c is an unknown value
RCX=0x000000000000c1e0 is an unknown value
RDX=0x0000000000001028 is an unknown value
RSP=0x000000fe64afd8a0 is pointing into the stack for thread: 0x000002344deea800
RBP=0x000000fe64afde30 is pointing into the stack for thread: 0x000002344deea800
RSI=0x0 is NULL
RDI=0x00007ff81abbd000 is an unknown value
R8 =0x00007ff81aa00000 is an unknown value
R9 =0x000000000000000f is an unknown value
R10=0x00007ff8253b1510 ntdll.dll
R11=0x0000000000000011 is an unknown value
R12=0x0 is NULL
R13=0x00007ff8253a38f0 ntdll.dll
R14=0x000000fe64afded0 is pointing into the stack for thread: 0x000002344deea800
R15=0x000000fe64afde48 is pointing into the stack for thread: 0x000002344deea800


Registers:
RAX=0x0000000000003075, RBX=0x000000000000fe5c, RCX=0x000000000000c1e0, RDX=0x0000000000001028
RSP=0x000000fe64afd8a0, RBP=0x000000fe64afde30, RSI=0x0000000000000000, RDI=0x00007ff81abbd000
R8 =0x00007ff81aa00000, R9 =0x000000000000000f, R10=0x00007ff8253b1510, R11=0x0000000000000011
R12=0x0000000000000000, R13=0x00007ff8253a38f0, R14=0x000000fe64afded0, R15=0x000000fe64afde48
RIP=0x00007ff825262c62, EFLAGS=0x0000000000010206

Top of Stack: (sp=0x000000fe64afd8a0)
0x000000fe64afd8a0:   0000000000000000 000000fe00000000
0x000000fe64afd8b0:   000000fe64afd8c0 000000fe64afd8c8
0x000000fe64afd8c0:   00007ff81abbd000 00007ff81aa00000
0x000000fe64afd8d0:   0000c1e0001cf000 0000000000000000
0x000000fe64afd8e0:   00007ff81aa0fe5c 00007ff82528136c
0x000000fe64afd8f0:   000000fe64afe4f0 0000000000000000
0x000000fe64afd900:   0000000000000000 000000fe64afd930
0x000000fe64afd910:   000000fe64afd930 000000fe64afde50
0x000000fe64afd920:   000000fe64afde40 0000000000000000
0x000000fe64afd930:   0000000000000000 00000234732c73f8
0x000000fe64afd940:   0000000000000000 0000000000000000
0x000000fe64afd950:   0000000000000000 000000fe64afda70
0x000000fe64afd960:   00001fa00010000f 00007fffee6b0033
0x000000fe64afd970:   00010213002b0000 00007ff822a14a6b
0x000000fe64afd980:   0000023400000000 00007fff00000000
0x000000fe64afd990:   00000234732c7450 00000234728cd101 

Instructions: (pc=0x00007ff825262c62)
0x00007ff825262b62:   41 83 f8 e7 73 09 48 83 c1 18 48 3b cb 72 c3 b8
0x00007ff825262b72:   7b 00 00 c0 89 44 24 20 4c 8b 54 24 28 eb 15 b8
0x00007ff825262b82:   7b 00 00 c0 eb cc b8 7b 00 00 c0 89 44 24 20 4c
0x00007ff825262b92:   8b 54 24 28 eb 13 b8 7b 00 00 c0 89 44 24 20 4c
0x00007ff825262ba2:   8b 4c 24 68 4c 8b 54 24 28 85 c0 78 03 4d 89 11
0x00007ff825262bb2:   48 83 c4 40 5b c3 cc b1 01 48 83 fb 40 0f 83 5b
0x00007ff825262bc2:   ff ff ff b8 7b 00 00 c0 eb e6 cc cc cc cc cc cc
0x00007ff825262bd2:   cc cc cc cc cc cc cc cc cc cc cc cc cc cc 48 89
0x00007ff825262be2:   5c 24 18 4c 89 74 24 20 41 57 48 83 ec 40 4d 8b
0x00007ff825262bf2:   f0 4c 8b fa 48 8b d9 4d 85 c0 0f 85 3c 01 00 00
0x00007ff825262c02:   48 8b 0d 0f e9 14 00 48 89 74 24 50 48 89 7c 24
0x00007ff825262c12:   58 48 3b d9 0f 83 ec 00 00 00 48 8d 54 24 20 48
0x00007ff825262c22:   8b cb e8 17 03 00 00 48 8b f8 48 85 ff 0f 84 da
0x00007ff825262c32:   02 00 00 8b 4c 24 34 48 b8 ab aa aa aa aa aa aa
0x00007ff825262c42:   aa 4c 8b 44 24 28 33 f6 48 f7 e1 4d 89 07 48 c1
0x00007ff825262c52:   ea 03 85 d2 74 73 8d 42 ff 49 2b d8 48 8d 04 40
0x00007ff825262c62:   44 8b 1c 87 4c 8d 14 87 49 3b db 73 48 44 8d 42
0x00007ff825262c72:   fe 44 8b ce 45 85 c0 78 3c 0f 1f 44 00 00 43 8d
0x00007ff825262c82:   04 08 d1 f8 48 63 c8 48 8d 14 49 4c 8d 14 97 8b
0x00007ff825262c92:   14 97 48 3b da 72 12 41 8b 4a 0c 44 8b da 48 3b
0x00007ff825262ca2:   d9 72 12 44 8d 48 01 eb 04 44 8d 40 ff 44 8b da
0x00007ff825262cb2:   45 3b c1 7d c9 41 8b c3 48 3b d8 72 0c 41 8b 42
0x00007ff825262cc2:   04 48 3b d8 73 03 49 8b f2 48 8b 7c 24 58 48 85
0x00007ff825262cd2:   f6 74 19 4d 85 f6 0f 85 ea 00 00 00 48 85 f6 74
0x00007ff825262ce2:   0b 8b 46 08 a8 01 0f 85 34 02 00 00 48 8b c6 48
0x00007ff825262cf2:   8b 74 24 50 48 8b 5c 24 60 4c 8b 74 24 68 48 83
0x00007ff825262d02:   c4 40 41 5f c3 cc 8b 05 12 e8 14 00 48 03 c1 48
0x00007ff825262d12:   3b d8 0f 83 02 ff ff ff 0f 28 0d ef e7 14 00 f2
0x00007ff825262d22:   0f 10 05 f7 e7 14 00 66 48 0f 7e cf 0f 11 4c 24
0x00007ff825262d32:   20 f2 0f 11 44 24 30 e9 ee fe ff ff 41 80 78 07
0x00007ff825262d42:   00 4c 8d 1d d6 e6 14 00 0f 85 6b 01 00 00 41 80
0x00007ff825262d52:   78 06 00 0f 84 a7 fe ff ff 48 3b 1d c6 e6 14 00 


Stack slot to memory mapping:
stack at sp + 0 slots: 0x0 is NULL
stack at sp + 1 slots: 0x000000fe00000000 is an unknown value
stack at sp + 2 slots: 0x000000fe64afd8c0 is pointing into the stack for thread: 0x000002344deea800
stack at sp + 3 slots: 0x000000fe64afd8c8 is pointing into the stack for thread: 0x000002344deea800
stack at sp + 4 slots: 0x00007ff81abbd000 is an unknown value
stack at sp + 5 slots: 0x00007ff81aa00000 is an unknown value
stack at sp + 6 slots: 0x0000c1e0001cf000 is an unknown value
stack at sp + 7 slots: 0x0 is NULL


---------------  P R O C E S S  ---------------

Threads class SMR info:
_java_thread_list=0x0000023472d0fb10, length=14, elements={
0x000002344deea800, 0x00000234721cf000, 0x00000234721d2800, 0x00000234721f3000,
0x00000234721f5000, 0x00000234721f7000, 0x00000234721fc000, 0x00000234721fd800,
0x0000023472bb1800, 0x0000023472be4800, 0x0000023472dbb000, 0x0000023472dbb800,
0x0000023479e50800, 0x0000023479ea9800
}

Java Threads: ( => current thread )
=>0x000002344deea800 JavaThread "main" [_thread_in_native, id=10624, stack(0x000000fe64a00000,0x000000fe64b00000)]
  0x00000234721cf000 JavaThread "Reference Handler" daemon [_thread_blocked, id=18932, stack(0x000000fe65100000,0x000000fe65200000)]
  0x00000234721d2800 JavaThread "Finalizer" daemon [_thread_blocked, id=10464, stack(0x000000fe65200000,0x000000fe65300000)]
  0x00000234721f3000 JavaThread "Signal Dispatcher" daemon [_thread_blocked, id=19464, stack(0x000000fe65300000,0x000000fe65400000)]
  0x00000234721f5000 JavaThread "Attach Listener" daemon [_thread_blocked, id=14600, stack(0x000000fe65400000,0x000000fe65500000)]
  0x00000234721f7000 JavaThread "C2 CompilerThread0" daemon [_thread_blocked, id=1152, stack(0x000000fe65500000,0x000000fe65600000)]
  0x00000234721fc000 JavaThread "C1 CompilerThread0" daemon [_thread_blocked, id=17064, stack(0x000000fe65600000,0x000000fe65700000)]
  0x00000234721fd800 JavaThread "Sweeper thread" daemon [_thread_blocked, id=17636, stack(0x000000fe65700000,0x000000fe65800000)]
  0x0000023472bb1800 JavaThread "Service Thread" daemon [_thread_blocked, id=19224, stack(0x000000fe65800000,0x000000fe65900000)]
  0x0000023472be4800 JavaThread "Common-Cleaner" daemon [_thread_blocked, id=9532, stack(0x000000fe65a00000,0x000000fe65b00000)]
  0x0000023472dbb000 JavaThread "Java2D Disposer" daemon [_thread_blocked, id=21516, stack(0x000000fe65b00000,0x000000fe65c00000)]
  0x0000023472dbb800 JavaThread "AWT-Shutdown" [_thread_blocked, id=8044, stack(0x000000fe65c00000,0x000000fe65d00000)]
  0x0000023479e50800 JavaThread "AWT-EventQueue-0" [_thread_blocked, id=18488, stack(0x000000fe66000000,0x000000fe66100000)]
  0x0000023479ea9800 JavaThread "Thread-0" [_thread_blocked, id=276, stack(0x000000fe66100000,0x000000fe66200000)]

Other Threads:
  0x00000234721cd000 VMThread "VM Thread" [stack: 0x000000fe65000000,0x000000fe65100000] [id=15012]
  0x0000023472be0800 WatcherThread [stack: 0x000000fe65900000,0x000000fe65a00000] [id=2468]
  0x000002344df55000 GCTaskThread "GC Thread#0" [stack: 0x000000fe64b00000,0x000000fe64c00000] [id=8796]
  0x0000023479fcb800 GCTaskThread "GC Thread#1" [stack: 0x000000fe66410000,0x000000fe66510000] [id=12844]
  0x0000023479fcc000 GCTaskThread "GC Thread#2" [stack: 0x000000fe66510000,0x000000fe66610000] [id=21036]
  0x0000023479fcf800 GCTaskThread "GC Thread#3" [stack: 0x000000fe66610000,0x000000fe66710000] [id=17264]
  0x0000023479fcd000 GCTaskThread "GC Thread#4" [stack: 0x000000fe66710000,0x000000fe66810000] [id=15636]
  0x0000023479fcd800 GCTaskThread "GC Thread#5" [stack: 0x000000fe66810000,0x000000fe66910000] [id=18884]
  0x0000023479fce000 GCTaskThread "GC Thread#6" [stack: 0x000000fe66910000,0x000000fe66a10000] [id=13616]
  0x0000023479fcf000 GCTaskThread "GC Thread#7" [stack: 0x000000fe66a10000,0x000000fe66b10000] [id=22204]
  0x000002344df77000 ConcurrentGCThread "G1 Main Marker" [stack: 0x000000fe64c00000,0x000000fe64d00000] [id=1164]
  0x000002344df7b000 ConcurrentGCThread "G1 Conc#0" [stack: 0x000000fe64d00000,0x000000fe64e00000] [id=16512]
  0x0000023479fc9800 ConcurrentGCThread "G1 Conc#1" [stack: 0x000000fe66b10000,0x000000fe66c10000] [id=3180]
  0x000002344dfce000 ConcurrentGCThread "G1 Refine#0" [stack: 0x000000fe64e00000,0x000000fe64f00000] [id=19436]
  0x00000234720c5800 ConcurrentGCThread "G1 Young RemSet Sampling" [stack: 0x000000fe64f00000,0x000000fe65000000] [id=8288]

Threads with active compile tasks:

VM state:not at safepoint (normal execution)

VM Mutex/Monitor currently owned by a thread: None

Heap address: 0x0000000702600000, size: 4058 MB, Compressed Oops mode: Zero based, Oop shift amount: 3
Narrow klass base: 0x0000000800000000, Narrow klass shift: 3
Compressed class space size: 1073741824 Address: 0x0000000800b40000

Heap:
 garbage-first heap   total 181248K, used 53878K [0x0000000702600000, 0x0000000800000000)
  region size 1024K, 2 young (2048K), 1 survivors (1024K)
 Metaspace       used 8630K, capacity 8904K, committed 8960K, reserved 1056768K
  class space    used 852K, capacity 973K, committed 1024K, reserved 1048576K
Heap Regions: E=young(eden), S=young(survivor), O=old, HS=humongous(starts), HC=humongous(continues), CS=collection set, F=free, A=archive, TAMS=top-at-mark-start (previous, next)
|   0|0x0000000702600000, 0x0000000702700000, 0x0000000702700000|100%|HS|  |TAMS 0x0000000702700000, 0x0000000702600000| Complete 
|   1|0x0000000702700000, 0x0000000702800000, 0x0000000702800000|100%|HC|  |TAMS 0x0000000702800000, 0x0000000702700000| Complete 
|   2|0x0000000702800000, 0x0000000702900000, 0x0000000702900000|100%|HS|  |TAMS 0x0000000702900000, 0x0000000702800000| Complete 
|   3|0x0000000702900000, 0x0000000702a00000, 0x0000000702a00000|100%|HC|  |TAMS 0x0000000702a00000, 0x0000000702900000| Complete 
|   4|0x0000000702a00000, 0x0000000702b00000, 0x0000000702b00000|100%|HS|  |TAMS 0x0000000702b00000, 0x0000000702a00000| Complete 
|   5|0x0000000702b00000, 0x0000000702c00000, 0x0000000702c00000|100%|HC|  |TAMS 0x0000000702c00000, 0x0000000702b00000| Complete 
|   6|0x0000000702c00000, 0x0000000702d00000, 0x0000000702d00000|100%|HS|  |TAMS 0x0000000702c00000, 0x0000000702c00000| Complete 
|   7|0x0000000702d00000, 0x0000000702e00000, 0x0000000702e00000|100%|HC|  |TAMS 0x0000000702d00000, 0x0000000702d00000| Complete 
|   8|0x0000000702e00000, 0x0000000702f00000, 0x0000000702f00000|100%|HS|  |TAMS 0x0000000702f00000, 0x0000000702e00000| Complete 
|   9|0x0000000702f00000, 0x0000000703000000, 0x0000000703000000|100%|HC|  |TAMS 0x0000000703000000, 0x0000000702f00000| Complete 
|  10|0x0000000703000000, 0x0000000703100000, 0x0000000703100000|100%|HS|  |TAMS 0x0000000703100000, 0x0000000703000000| Complete 
|  11|0x0000000703100000, 0x0000000703200000, 0x0000000703200000|100%|HC|  |TAMS 0x0000000703200000, 0x0000000703100000| Complete 
|  12|0x0000000703200000, 0x0000000703300000, 0x0000000703300000|100%|HS|  |TAMS 0x0000000703300000, 0x0000000703200000| Complete 
|  13|0x0000000703300000, 0x0000000703400000, 0x0000000703400000|100%|HC|  |TAMS 0x0000000703400000, 0x0000000703300000| Complete 
|  14|0x0000000703400000, 0x0000000703500000, 0x0000000703500000|100%|HS|  |TAMS 0x0000000703400000, 0x0000000703400000| Complete 
|  15|0x0000000703500000, 0x0000000703600000, 0x0000000703600000|100%|HC|  |TAMS 0x0000000703500000, 0x0000000703500000| Complete 
|  16|0x0000000703600000, 0x0000000703700000, 0x0000000703700000|100%|HS|  |TAMS 0x0000000703600000, 0x0000000703600000| Complete 
|  17|0x0000000703700000, 0x0000000703800000, 0x0000000703800000|100%|HC|  |TAMS 0x0000000703700000, 0x0000000703700000| Complete 
|  18|0x0000000703800000, 0x0000000703900000, 0x0000000703900000|100%|HS|  |TAMS 0x0000000703800000, 0x0000000703800000| Complete 
|  19|0x0000000703900000, 0x0000000703a00000, 0x0000000703a00000|100%|HC|  |TAMS 0x0000000703900000, 0x0000000703900000| Complete 
|  20|0x0000000703a00000, 0x0000000703a00000, 0x0000000703b00000|  0%| F|  |TAMS 0x0000000703a00000, 0x0000000703a00000| Untracked 
|  21|0x0000000703b00000, 0x0000000703b00000, 0x0000000703c00000|  0%| F|  |TAMS 0x0000000703b00000, 0x0000000703b00000| Untracked 
|  22|0x0000000703c00000, 0x0000000703c00000, 0x0000000703d00000|  0%| F|  |TAMS 0x0000000703c00000, 0x0000000703c00000| Untracked 
|  23|0x0000000703d00000, 0x0000000703d00000, 0x0000000703e00000|  0%| F|  |TAMS 0x0000000703d00000, 0x0000000703d00000| Untracked 
|  24|0x0000000703e00000, 0x0000000703e00000, 0x0000000703f00000|  0%| F|  |TAMS 0x0000000703e00000, 0x0000000703e00000| Untracked 
|  25|0x0000000703f00000, 0x0000000703f00000, 0x0000000704000000|  0%| F|  |TAMS 0x0000000703f00000, 0x0000000703f00000| Untracked 
|  26|0x0000000704000000, 0x0000000704000000, 0x0000000704100000|  0%| F|  |TAMS 0x0000000704000000, 0x0000000704000000| Untracked 
|  27|0x0000000704100000, 0x0000000704100000, 0x0000000704200000|  0%| F|  |TAMS 0x0000000704100000, 0x0000000704100000| Untracked 
|  28|0x0000000704200000, 0x0000000704300000, 0x0000000704300000|100%| O|  |TAMS 0x0000000704300000, 0x0000000704200000| Untracked 
|  29|0x0000000704300000, 0x0000000704400000, 0x0000000704400000|100%| O|  |TAMS 0x0000000704400000, 0x0000000704300000| Untracked 
|  30|0x0000000704400000, 0x00000007044d0808, 0x0000000704500000| 81%| O|  |TAMS 0x00000007044d0808, 0x0000000704400000| Untracked 
|  31|0x0000000704500000, 0x0000000704500000, 0x0000000704600000|  0%| F|  |TAMS 0x0000000704500000, 0x0000000704500000| Untracked 
|  32|0x0000000704600000, 0x0000000704600000, 0x0000000704700000|  0%| F|  |TAMS 0x0000000704600000, 0x0000000704600000| Untracked 
|  33|0x0000000704700000, 0x0000000704700000, 0x0000000704800000|  0%| F|  |TAMS 0x0000000704700000, 0x0000000704700000| Untracked 
|  34|0x0000000704800000, 0x0000000704800000, 0x0000000704900000|  0%| F|  |TAMS 0x0000000704800000, 0x0000000704800000| Untracked 
|  35|0x0000000704900000, 0x0000000704900000, 0x0000000704a00000|  0%| F|  |TAMS 0x0000000704900000, 0x0000000704900000| Untracked 
|  36|0x0000000704a00000, 0x0000000704a00000, 0x0000000704b00000|  0%| F|  |TAMS 0x0000000704a00000, 0x0000000704a00000| Untracked 
|  37|0x0000000704b00000, 0x0000000704c00000, 0x0000000704c00000|100%|HS|  |TAMS 0x0000000704c00000, 0x0000000704b00000| Complete 
|  38|0x0000000704c00000, 0x0000000704d00000, 0x0000000704d00000|100%|HC|  |TAMS 0x0000000704d00000, 0x0000000704c00000| Complete 
|  39|0x0000000704d00000, 0x0000000704e00000, 0x0000000704e00000|100%|HS|  |TAMS 0x0000000704e00000, 0x0000000704d00000| Complete 
|  40|0x0000000704e00000, 0x0000000704f00000, 0x0000000704f00000|100%|HC|  |TAMS 0x0000000704f00000, 0x0000000704e00000| Complete 
|  41|0x0000000704f00000, 0x0000000705000000, 0x0000000705000000|100%|HS|  |TAMS 0x0000000705000000, 0x0000000704f00000| Complete 
|  42|0x0000000705000000, 0x0000000705100000, 0x0000000705100000|100%|HC|  |TAMS 0x0000000705100000, 0x0000000705000000| Complete 
|  43|0x0000000705100000, 0x0000000705200000, 0x0000000705200000|100%|HS|  |TAMS 0x0000000705200000, 0x0000000705100000| Complete 
|  44|0x0000000705200000, 0x0000000705300000, 0x0000000705300000|100%|HC|  |TAMS 0x0000000705300000, 0x0000000705200000| Complete 
|  45|0x0000000705300000, 0x0000000705400000, 0x0000000705400000|100%|HS|  |TAMS 0x0000000705400000, 0x0000000705300000| Complete 
|  46|0x0000000705400000, 0x0000000705500000, 0x0000000705500000|100%|HC|  |TAMS 0x0000000705500000, 0x0000000705400000| Complete 
|  47|0x0000000705500000, 0x0000000705600000, 0x0000000705600000|100%|HS|  |TAMS 0x0000000705600000, 0x0000000705500000| Complete 
|  48|0x0000000705600000, 0x0000000705700000, 0x0000000705700000|100%|HC|  |TAMS 0x0000000705700000, 0x0000000705600000| Complete 
|  49|0x0000000705700000, 0x0000000705800000, 0x0000000705800000|100%|HS|  |TAMS 0x0000000705800000, 0x0000000705700000| Complete 
|  50|0x0000000705800000, 0x0000000705900000, 0x0000000705900000|100%|HC|  |TAMS 0x0000000705900000, 0x0000000705800000| Complete 
|  51|0x0000000705900000, 0x0000000705a00000, 0x0000000705a00000|100%|HS|  |TAMS 0x0000000705a00000, 0x0000000705900000| Complete 
|  52|0x0000000705a00000, 0x0000000705b00000, 0x0000000705b00000|100%|HC|  |TAMS 0x0000000705b00000, 0x0000000705a00000| Complete 
|  53|0x0000000705b00000, 0x0000000705c00000, 0x0000000705c00000|100%|HS|  |TAMS 0x0000000705c00000, 0x0000000705b00000| Complete 
|  54|0x0000000705c00000, 0x0000000705d00000, 0x0000000705d00000|100%|HC|  |TAMS 0x0000000705d00000, 0x0000000705c00000| Complete 
|  55|0x0000000705d00000, 0x0000000705e00000, 0x0000000705e00000|100%|HS|  |TAMS 0x0000000705e00000, 0x0000000705d00000| Complete 
|  56|0x0000000705e00000, 0x0000000705f00000, 0x0000000705f00000|100%|HC|  |TAMS 0x0000000705f00000, 0x0000000705e00000| Complete 
|  57|0x0000000705f00000, 0x0000000706000000, 0x0000000706000000|100%|HS|  |TAMS 0x0000000706000000, 0x0000000705f00000| Complete 
|  58|0x0000000706000000, 0x0000000706100000, 0x0000000706100000|100%|HC|  |TAMS 0x0000000706100000, 0x0000000706000000| Complete 
|  59|0x0000000706100000, 0x0000000706200000, 0x0000000706200000|100%|HS|  |TAMS 0x0000000706200000, 0x0000000706100000| Complete 
|  60|0x0000000706200000, 0x0000000706300000, 0x0000000706300000|100%|HC|  |TAMS 0x0000000706300000, 0x0000000706200000| Complete 
|  61|0x0000000706300000, 0x0000000706400000, 0x0000000706400000|100%|HS|  |TAMS 0x0000000706400000, 0x0000000706300000| Complete 
|  62|0x0000000706400000, 0x0000000706500000, 0x0000000706500000|100%|HC|  |TAMS 0x0000000706500000, 0x0000000706400000| Complete 
|  63|0x0000000706500000, 0x0000000706500000, 0x0000000706600000|  0%| F|  |TAMS 0x0000000706500000, 0x0000000706500000| Untracked 
|  64|0x0000000706600000, 0x0000000706600000, 0x0000000706700000|  0%| F|  |TAMS 0x0000000706600000, 0x0000000706600000| Untracked 
|  65|0x0000000706700000, 0x0000000706800000, 0x0000000706800000|100%| O|  |TAMS 0x0000000706800000, 0x0000000706700000| Untracked 
|  66|0x0000000706800000, 0x0000000706846600, 0x0000000706900000| 27%| O|  |TAMS 0x0000000706846600, 0x0000000706800000| Untracked 
|  67|0x0000000706900000, 0x0000000706901200, 0x0000000706a00000|  0%| O|  |TAMS 0x0000000706901200, 0x0000000706900000| Untracked 
|  68|0x0000000706a00000, 0x0000000706a00000, 0x0000000706b00000|  0%| F|  |TAMS 0x0000000706a00000, 0x0000000706a00000| Untracked 
|  69|0x0000000706b00000, 0x0000000706b00000, 0x0000000706c00000|  0%| F|  |TAMS 0x0000000706b00000, 0x0000000706b00000| Untracked 
|  70|0x0000000706c00000, 0x0000000706c01a00, 0x0000000706d00000|  0%| O|  |TAMS 0x0000000706c01a00, 0x0000000706c00000| Untracked 
|  71|0x0000000706d00000, 0x0000000706d02c00, 0x0000000706e00000|  1%| O|  |TAMS 0x0000000706d02c00, 0x0000000706d00000| Untracked 
|  72|0x0000000706e00000, 0x0000000706e00000, 0x0000000706f00000|  0%| F|  |TAMS 0x0000000706e00000, 0x0000000706e00000| Untracked 
|  73|0x0000000706f00000, 0x0000000706f00000, 0x0000000707000000|  0%| F|  |TAMS 0x0000000706f00000, 0x0000000706f00000| Untracked 
|  74|0x0000000707000000, 0x0000000707100000, 0x0000000707100000|100%|HS|  |TAMS 0x0000000707100000, 0x0000000707000000| Complete 
|  75|0x0000000707100000, 0x0000000707200000, 0x0000000707200000|100%|HC|  |TAMS 0x0000000707200000, 0x0000000707100000| Complete 
|  76|0x0000000707200000, 0x0000000707200000, 0x0000000707300000|  0%| F|  |TAMS 0x0000000707200000, 0x0000000707200000| Untracked 
|  77|0x0000000707300000, 0x0000000707300000, 0x0000000707400000|  0%| F|  |TAMS 0x0000000707300000, 0x0000000707300000| Untracked 
|  78|0x0000000707400000, 0x0000000707403200, 0x0000000707500000|  1%| O|  |TAMS 0x0000000707403200, 0x0000000707400000| Untracked 
|  79|0x0000000707500000, 0x000000070757b200, 0x0000000707600000| 48%| O|  |TAMS 0x000000070757b200, 0x0000000707500000| Untracked 
|  80|0x0000000707600000, 0x0000000707600000, 0x0000000707700000|  0%| F|  |TAMS 0x0000000707600000, 0x0000000707600000| Untracked 
|  81|0x0000000707700000, 0x0000000707700000, 0x0000000707800000|  0%| F|  |TAMS 0x0000000707700000, 0x0000000707700000| Untracked 
|  82|0x0000000707800000, 0x0000000707800000, 0x0000000707900000|  0%| F|  |TAMS 0x0000000707800000, 0x0000000707800000| Untracked 
|  83|0x0000000707900000, 0x0000000707900000, 0x0000000707a00000|  0%| F|  |TAMS 0x0000000707900000, 0x0000000707900000| Untracked 
|  84|0x0000000707a00000, 0x0000000707a00000, 0x0000000707b00000|  0%| F|  |TAMS 0x0000000707a00000, 0x0000000707a00000| Untracked 
|  85|0x0000000707b00000, 0x0000000707b00000, 0x0000000707c00000|  0%| F|  |TAMS 0x0000000707b00000, 0x0000000707b00000| Untracked 
|  86|0x0000000707c00000, 0x0000000707c00000, 0x0000000707d00000|  0%| F|  |TAMS 0x0000000707c00000, 0x0000000707c00000| Untracked 
|  87|0x0000000707d00000, 0x0000000707d00000, 0x0000000707e00000|  0%| F|  |TAMS 0x0000000707d00000, 0x0000000707d00000| Untracked 
|  88|0x0000000707e00000, 0x0000000707e00000, 0x0000000707f00000|  0%| F|  |TAMS 0x0000000707e00000, 0x0000000707e00000| Untracked 
|  89|0x0000000707f00000, 0x0000000707f00000, 0x0000000708000000|  0%| F|  |TAMS 0x0000000707f00000, 0x0000000707f00000| Untracked 
|  90|0x0000000708000000, 0x0000000708000000, 0x0000000708100000|  0%| F|  |TAMS 0x0000000708000000, 0x0000000708000000| Untracked 
|  91|0x0000000708100000, 0x0000000708100000, 0x0000000708200000|  0%| F|  |TAMS 0x0000000708100000, 0x0000000708100000| Untracked 
|  92|0x0000000708200000, 0x0000000708200000, 0x0000000708300000|  0%| F|  |TAMS 0x0000000708200000, 0x0000000708200000| Untracked 
|  93|0x0000000708300000, 0x0000000708300000, 0x0000000708400000|  0%| F|  |TAMS 0x0000000708300000, 0x0000000708300000| Untracked 
|  94|0x0000000708400000, 0x0000000708400000, 0x0000000708500000|  0%| F|  |TAMS 0x0000000708400000, 0x0000000708400000| Untracked 
|  95|0x0000000708500000, 0x0000000708500000, 0x0000000708600000|  0%| F|  |TAMS 0x0000000708500000, 0x0000000708500000| Untracked 
|  96|0x0000000708600000, 0x0000000708600000, 0x0000000708700000|  0%| F|  |TAMS 0x0000000708600000, 0x0000000708600000| Untracked 
|  97|0x0000000708700000, 0x0000000708700000, 0x0000000708800000|  0%| F|  |TAMS 0x0000000708700000, 0x0000000708700000| Untracked 
|  98|0x0000000708800000, 0x0000000708800000, 0x0000000708900000|  0%| F|  |TAMS 0x0000000708800000, 0x0000000708800000| Untracked 
|  99|0x0000000708900000, 0x0000000708900000, 0x0000000708a00000|  0%| F|  |TAMS 0x0000000708900000, 0x0000000708900000| Untracked 
| 100|0x0000000708a00000, 0x0000000708a00000, 0x0000000708b00000|  0%| F|  |TAMS 0x0000000708a00000, 0x0000000708a00000| Untracked 
| 101|0x0000000708b00000, 0x0000000708b00000, 0x0000000708c00000|  0%| F|  |TAMS 0x0000000708b00000, 0x0000000708b00000| Untracked 
| 102|0x0000000708c00000, 0x0000000708c00000, 0x0000000708d00000|  0%| F|  |TAMS 0x0000000708c00000, 0x0000000708c00000| Untracked 
| 103|0x0000000708d00000, 0x0000000708d00000, 0x0000000708e00000|  0%| F|  |TAMS 0x0000000708d00000, 0x0000000708d00000| Untracked 
| 104|0x0000000708e00000, 0x0000000708e00000, 0x0000000708f00000|  0%| F|  |TAMS 0x0000000708e00000, 0x0000000708e00000| Untracked 
| 105|0x0000000708f00000, 0x0000000708f00000, 0x0000000709000000|  0%| F|  |TAMS 0x0000000708f00000, 0x0000000708f00000| Untracked 
| 106|0x0000000709000000, 0x0000000709000000, 0x0000000709100000|  0%| F|  |TAMS 0x0000000709000000, 0x0000000709000000| Untracked 
| 107|0x0000000709100000, 0x0000000709100000, 0x0000000709200000|  0%| F|  |TAMS 0x0000000709100000, 0x0000000709100000| Untracked 
| 108|0x0000000709200000, 0x0000000709200000, 0x0000000709300000|  0%| F|  |TAMS 0x0000000709200000, 0x0000000709200000| Untracked 
| 109|0x0000000709300000, 0x0000000709300000, 0x0000000709400000|  0%| F|  |TAMS 0x0000000709300000, 0x0000000709300000| Untracked 
| 110|0x0000000709400000, 0x0000000709400000, 0x0000000709500000|  0%| F|  |TAMS 0x0000000709400000, 0x0000000709400000| Untracked 
| 111|0x0000000709500000, 0x0000000709500000, 0x0000000709600000|  0%| F|  |TAMS 0x0000000709500000, 0x0000000709500000| Untracked 
| 112|0x0000000709600000, 0x0000000709600000, 0x0000000709700000|  0%| F|  |TAMS 0x0000000709600000, 0x0000000709600000| Untracked 
| 113|0x0000000709700000, 0x0000000709700000, 0x0000000709800000|  0%| F|  |TAMS 0x0000000709700000, 0x0000000709700000| Untracked 
| 114|0x0000000709800000, 0x0000000709800000, 0x0000000709900000|  0%| F|  |TAMS 0x0000000709800000, 0x0000000709800000| Untracked 
| 115|0x0000000709900000, 0x0000000709900000, 0x0000000709a00000|  0%| F|  |TAMS 0x0000000709900000, 0x0000000709900000| Untracked 
| 116|0x0000000709a00000, 0x0000000709a00000, 0x0000000709b00000|  0%| F|  |TAMS 0x0000000709a00000, 0x0000000709a00000| Untracked 
| 117|0x0000000709b00000, 0x0000000709b00000, 0x0000000709c00000|  0%| F|  |TAMS 0x0000000709b00000, 0x0000000709b00000| Untracked 
| 118|0x0000000709c00000, 0x0000000709c00000, 0x0000000709d00000|  0%| F|  |TAMS 0x0000000709c00000, 0x0000000709c00000| Untracked 
| 119|0x0000000709d00000, 0x0000000709d00000, 0x0000000709e00000|  0%| F|  |TAMS 0x0000000709d00000, 0x0000000709d00000| Untracked 
| 120|0x0000000709e00000, 0x0000000709e00000, 0x0000000709f00000|  0%| F|  |TAMS 0x0000000709e00000, 0x0000000709e00000| Untracked 
| 121|0x0000000709f00000, 0x0000000709f00000, 0x000000070a000000|  0%| F|  |TAMS 0x0000000709f00000, 0x0000000709f00000| Untracked 
| 122|0x000000070a000000, 0x000000070a000000, 0x000000070a100000|  0%| F|  |TAMS 0x000000070a000000, 0x000000070a000000| Untracked 
| 123|0x000000070a100000, 0x000000070a100000, 0x000000070a200000|  0%| F|  |TAMS 0x000000070a100000, 0x000000070a100000| Untracked 
| 124|0x000000070a200000, 0x000000070a200000, 0x000000070a300000|  0%| F|  |TAMS 0x000000070a200000, 0x000000070a200000| Untracked 
| 125|0x000000070a300000, 0x000000070a300000, 0x000000070a400000|  0%| F|  |TAMS 0x000000070a300000, 0x000000070a300000| Untracked 
| 126|0x000000070a400000, 0x000000070a400000, 0x000000070a500000|  0%| F|  |TAMS 0x000000070a400000, 0x000000070a400000| Untracked 
| 127|0x000000070a500000, 0x000000070a500000, 0x000000070a600000|  0%| F|  |TAMS 0x000000070a500000, 0x000000070a500000| Untracked 
| 128|0x000000070a600000, 0x000000070a600000, 0x000000070a700000|  0%| F|  |TAMS 0x000000070a600000, 0x000000070a600000| Untracked 
| 129|0x000000070a700000, 0x000000070a700000, 0x000000070a800000|  0%| F|  |TAMS 0x000000070a700000, 0x000000070a700000| Untracked 
| 130|0x000000070a800000, 0x000000070a800000, 0x000000070a900000|  0%| F|  |TAMS 0x000000070a800000, 0x000000070a800000| Untracked 
| 131|0x000000070a900000, 0x000000070a900000, 0x000000070aa00000|  0%| F|  |TAMS 0x000000070a900000, 0x000000070a900000| Untracked 
| 132|0x000000070aa00000, 0x000000070aa00000, 0x000000070ab00000|  0%| F|  |TAMS 0x000000070aa00000, 0x000000070aa00000| Untracked 
| 133|0x000000070ab00000, 0x000000070ab00000, 0x000000070ac00000|  0%| F|  |TAMS 0x000000070ab00000, 0x000000070ab00000| Untracked 
| 134|0x000000070ac00000, 0x000000070ac00000, 0x000000070ad00000|  0%| F|  |TAMS 0x000000070ac00000, 0x000000070ac00000| Untracked 
| 135|0x000000070ad00000, 0x000000070ad00000, 0x000000070ae00000|  0%| F|  |TAMS 0x000000070ad00000, 0x000000070ad00000| Untracked 
| 136|0x000000070ae00000, 0x000000070ae00000, 0x000000070af00000|  0%| F|  |TAMS 0x000000070ae00000, 0x000000070ae00000| Untracked 
| 137|0x000000070af00000, 0x000000070af00000, 0x000000070b000000|  0%| F|  |TAMS 0x000000070af00000, 0x000000070af00000| Untracked 
| 138|0x000000070b000000, 0x000000070b000000, 0x000000070b100000|  0%| F|  |TAMS 0x000000070b000000, 0x000000070b000000| Untracked 
| 139|0x000000070b100000, 0x000000070b100000, 0x000000070b200000|  0%| F|  |TAMS 0x000000070b100000, 0x000000070b100000| Untracked 
| 140|0x000000070b200000, 0x000000070b200000, 0x000000070b300000|  0%| F|  |TAMS 0x000000070b200000, 0x000000070b200000| Untracked 
| 141|0x000000070b300000, 0x000000070b300000, 0x000000070b400000|  0%| F|  |TAMS 0x000000070b300000, 0x000000070b300000| Untracked 
| 142|0x000000070b400000, 0x000000070b400000, 0x000000070b500000|  0%| F|  |TAMS 0x000000070b400000, 0x000000070b400000| Untracked 
| 143|0x000000070b500000, 0x000000070b500000, 0x000000070b600000|  0%| F|  |TAMS 0x000000070b500000, 0x000000070b500000| Untracked 
| 144|0x000000070b600000, 0x000000070b600000, 0x000000070b700000|  0%| F|  |TAMS 0x000000070b600000, 0x000000070b600000| Untracked 
| 145|0x000000070b700000, 0x000000070b700000, 0x000000070b800000|  0%| F|  |TAMS 0x000000070b700000, 0x000000070b700000| Untracked 
| 146|0x000000070b800000, 0x000000070b800000, 0x000000070b900000|  0%| F|  |TAMS 0x000000070b800000, 0x000000070b800000| Untracked 
| 147|0x000000070b900000, 0x000000070b900000, 0x000000070ba00000|  0%| F|  |TAMS 0x000000070b900000, 0x000000070b900000| Untracked 
| 148|0x000000070ba00000, 0x000000070ba00000, 0x000000070bb00000|  0%| F|  |TAMS 0x000000070ba00000, 0x000000070ba00000| Untracked 
| 149|0x000000070bb00000, 0x000000070bb00000, 0x000000070bc00000|  0%| F|  |TAMS 0x000000070bb00000, 0x000000070bb00000| Untracked 
| 150|0x000000070bc00000, 0x000000070bc00000, 0x000000070bd00000|  0%| F|  |TAMS 0x000000070bc00000, 0x000000070bc00000| Untracked 
| 151|0x000000070bd00000, 0x000000070bd00000, 0x000000070be00000|  0%| F|  |TAMS 0x000000070bd00000, 0x000000070bd00000| Untracked 
| 152|0x000000070be00000, 0x000000070be00000, 0x000000070bf00000|  0%| F|  |TAMS 0x000000070be00000, 0x000000070be00000| Untracked 
| 153|0x000000070bf00000, 0x000000070bf00000, 0x000000070c000000|  0%| F|  |TAMS 0x000000070bf00000, 0x000000070bf00000| Untracked 
| 154|0x000000070c000000, 0x000000070c000000, 0x000000070c100000|  0%| F|  |TAMS 0x000000070c000000, 0x000000070c000000| Untracked 
| 155|0x000000070c100000, 0x000000070c100000, 0x000000070c200000|  0%| F|  |TAMS 0x000000070c100000, 0x000000070c100000| Untracked 
| 156|0x000000070c200000, 0x000000070c200000, 0x000000070c300000|  0%| F|  |TAMS 0x000000070c200000, 0x000000070c200000| Untracked 
| 157|0x000000070c300000, 0x000000070c300000, 0x000000070c400000|  0%| F|  |TAMS 0x000000070c300000, 0x000000070c300000| Untracked 
| 158|0x000000070c400000, 0x000000070c400000, 0x000000070c500000|  0%| F|  |TAMS 0x000000070c400000, 0x000000070c400000| Untracked 
| 159|0x000000070c500000, 0x000000070c500000, 0x000000070c600000|  0%| F|  |TAMS 0x000000070c500000, 0x000000070c500000| Untracked 
| 160|0x000000070c600000, 0x000000070c600000, 0x000000070c700000|  0%| F|  |TAMS 0x000000070c600000, 0x000000070c600000| Untracked 
| 161|0x000000070c700000, 0x000000070c700000, 0x000000070c800000|  0%| F|  |TAMS 0x000000070c700000, 0x000000070c700000| Untracked 
| 162|0x000000070c800000, 0x000000070c800000, 0x000000070c900000|  0%| F|  |TAMS 0x000000070c800000, 0x000000070c800000| Untracked 
| 163|0x000000070c900000, 0x000000070c900000, 0x000000070ca00000|  0%| F|  |TAMS 0x000000070c900000, 0x000000070c900000| Untracked 
| 164|0x000000070ca00000, 0x000000070ca00000, 0x000000070cb00000|  0%| F|  |TAMS 0x000000070ca00000, 0x000000070ca00000| Untracked 
| 165|0x000000070cb00000, 0x000000070cb00000, 0x000000070cc00000|  0%| F|  |TAMS 0x000000070cb00000, 0x000000070cb00000| Untracked 
| 166|0x000000070cc00000, 0x000000070cc00000, 0x000000070cd00000|  0%| F|  |TAMS 0x000000070cc00000, 0x000000070cc00000| Untracked 
| 167|0x000000070cd00000, 0x000000070cd00000, 0x000000070ce00000|  0%| F|  |TAMS 0x000000070cd00000, 0x000000070cd00000| Untracked 
| 168|0x000000070ce00000, 0x000000070ce00000, 0x000000070cf00000|  0%| F|  |TAMS 0x000000070ce00000, 0x000000070ce00000| Untracked 
| 169|0x000000070cf00000, 0x000000070cf00000, 0x000000070d000000|  0%| F|  |TAMS 0x000000070cf00000, 0x000000070cf00000| Untracked 
| 170|0x000000070d000000, 0x000000070d000000, 0x000000070d100000|  0%| F|  |TAMS 0x000000070d000000, 0x000000070d000000| Untracked 
| 171|0x000000070d100000, 0x000000070d100000, 0x000000070d200000|  0%| F|  |TAMS 0x000000070d100000, 0x000000070d100000| Untracked 
| 172|0x000000070d200000, 0x000000070d200000, 0x000000070d300000|  0%| F|  |TAMS 0x000000070d200000, 0x000000070d200000| Untracked 
| 173|0x000000070d300000, 0x000000070d303060, 0x000000070d400000|  1%| S|CS|TAMS 0x000000070d300000, 0x000000070d300000| Complete 
| 174|0x000000070d400000, 0x000000070d400000, 0x000000070d500000|  0%| F|  |TAMS 0x000000070d400000, 0x000000070d400000| Untracked 
| 333|0x0000000717300000, 0x0000000717300000, 0x0000000717400000|  0%| F|  |TAMS 0x0000000717300000, 0x0000000717300000| Untracked 
| 857|0x0000000737f00000, 0x0000000738000000, 0x0000000738000000|100%| E|  |TAMS 0x0000000737f00000, 0x0000000737f00000| Complete 

Card table byte_map: [0x0000023466790000,0x0000023466f80000] _byte_map_base: 0x0000023462f7d000

Marking Bits (Prev, Next): (CMBitMap*) 0x000002344df55f18, (CMBitMap*) 0x000002344df55f58
 Prev Bits: [0x0000023467770000, 0x000002346b6d8000)
 Next Bits: [0x000002346b6e0000, 0x000002346f648000)

Polling page: 0x000002344c5e0000

Metaspace:

Usage:
  Non-class:      7.75 MB capacity,     7.60 MB ( 98%) used,   131.73 KB (  2%) free+waste,    21.31 KB ( <1%) overhead. 
      Class:    973.00 KB capacity,   852.97 KB ( 88%) used,   106.78 KB ( 11%) free+waste,    13.25 KB (  1%) overhead. 
       Both:      8.70 MB capacity,     8.43 MB ( 97%) used,   238.51 KB (  3%) free+waste,    34.56 KB ( <1%) overhead. 

Virtual space:
  Non-class space:        8.00 MB reserved,       7.75 MB ( 97%) committed 
      Class space:        1.00 GB reserved,       1.00 MB ( <1%) committed 
             Both:        1.01 GB reserved,       8.75 MB ( <1%) committed 

Chunk freelists:
   Non-Class:  5.00 KB
       Class:  19.00 KB
        Both:  24.00 KB

MaxMetaspaceSize: 17179869184.00 GB
CompressedClassSpaceSize: 1.00 GB

CodeHeap 'non-profiled nmethods': size=120000Kb used=959Kb max_used=961Kb free=119040Kb
 bounds [0x000002345ded0000, 0x000002345e140000, 0x0000023465400000]
CodeHeap 'profiled nmethods': size=120000Kb used=3460Kb max_used=3562Kb free=116539Kb
 bounds [0x00000234569a0000, 0x0000023456d20000, 0x000002345ded0000]
CodeHeap 'non-nmethods': size=5760Kb used=1282Kb max_used=1315Kb free=4477Kb
 bounds [0x0000023456400000, 0x0000023456670000, 0x00000234569a0000]
 total_blobs=3332 nmethods=1661 adapters=473
 compilation: enabled
              stopped_count=0, restarted_count=0
 full_count=0

Compilation events (20 events):
Event: 53.853 Thread 0x00000234721fc000 1929       3       java.util.concurrent.locks.LockSupport::unpark (12 bytes)
Event: 53.853 Thread 0x00000234721fc000 nmethod 1929 0x0000023456c2d510 code [0x0000023456c2d6c0, 0x0000023456c2d890]
Event: 53.855 Thread 0x00000234721f7000 1931       4       javax.swing.JComponent::contains (27 bytes)
Event: 53.855 Thread 0x00000234721fc000 1932   !   3       java.util.concurrent.locks.AbstractQueuedSynchronizer::acquireQueued (74 bytes)
Event: 53.856 Thread 0x00000234721f7000 nmethod 1931 0x000002345dfc0310 code [0x000002345dfc04a0, 0x000002345dfc05f8]
Event: 53.856 Thread 0x00000234721fc000 nmethod 1932 0x0000023456d14b90 code [0x0000023456d14e20, 0x0000023456d15bb0]
Event: 53.856 Thread 0x00000234721fc000 1933       3       java.util.concurrent.locks.AbstractQueuedSynchronizer::unparkSuccessor (84 bytes)
Event: 53.857 Thread 0x00000234721fc000 nmethod 1933 0x0000023456d16110 code [0x0000023456d16380, 0x0000023456d16e40]
Event: 53.859 Thread 0x00000234721fc000 1934       3       java.util.HashSet::remove (20 bytes)
Event: 53.859 Thread 0x00000234721fc000 nmethod 1934 0x0000023456b72d10 code [0x0000023456b72ec0, 0x0000023456b73190]
Event: 53.859 Thread 0x00000234721fc000 1935       3       java.util.concurrent.locks.AbstractQueuedSynchronizer$ConditionObject::addConditionWaiter (79 bytes)
Event: 53.860 Thread 0x00000234721fc000 nmethod 1935 0x0000023456d17210 code [0x0000023456d174e0, 0x0000023456d185b0]
Event: 53.860 Thread 0x00000234721fc000 1937       3       java.util.concurrent.locks.AbstractQueuedSynchronizer::enq (37 bytes)
Event: 53.861 Thread 0x00000234721fc000 nmethod 1937 0x0000023456d18a90 code [0x0000023456d18ec0, 0x0000023456d1ae70]
Event: 53.861 Thread 0x00000234721fc000 1936       3       java.util.concurrent.locks.AbstractQueuedSynchronizer::transferForSignal (45 bytes)
Event: 53.862 Thread 0x00000234721fc000 nmethod 1936 0x0000023456d1b890 code [0x0000023456d1bb80, 0x0000023456d1cb20]
Event: 54.567 Thread 0x00000234721f7000 1938       4       sun.awt.image.IntegerComponentRaster::<init> (245 bytes)
Event: 54.584 Thread 0x00000234721f7000 nmethod 1938 0x000002345dfb2990 code [0x000002345dfb2b80, 0x000002345dfb3948]
Event: 54.779 Thread 0x00000234721fc000 1939       3       javax.swing.JComponent::contains (27 bytes)
Event: 54.779 Thread 0x00000234721fc000 nmethod 1939 0x0000023456c20910 code [0x0000023456c20ae0, 0x0000023456c211f8]

GC Heap History (20 events):
Event: 54.002 GC heap before
{Heap before GC invocations=828 (full 0):
 garbage-first heap   total 181248K, used 75390K [0x0000000702600000, 0x0000000800000000)
  region size 1024K, 3 young (3072K), 1 survivors (1024K)
 Metaspace       used 8629K, capacity 8904K, committed 8960K, reserved 1056768K
  class space    used 852K, capacity 973K, committed 1024K, reserved 1048576K
}
Event: 54.003 GC heap after
{Heap after GC invocations=829 (full 0):
 garbage-first heap   total 181248K, used 45684K [0x0000000702600000, 0x0000000800000000)
  region size 1024K, 1 young (1024K), 1 survivors (1024K)
 Metaspace       used 8629K, capacity 8904K, committed 8960K, reserved 1056768K
  class space    used 852K, capacity 973K, committed 1024K, reserved 1048576K
}
Event: 54.133 GC heap before
{Heap before GC invocations=830 (full 0):
 garbage-first heap   total 181248K, used 74356K [0x0000000702600000, 0x0000000800000000)
  region size 1024K, 2 young (2048K), 1 survivors (1024K)
 Metaspace       used 8629K, capacity 8904K, committed 8960K, reserved 1056768K
  class space    used 852K, capacity 973K, committed 1024K, reserved 1048576K
}
Event: 54.134 GC heap after
{Heap after GC invocations=831 (full 0):
 garbage-first heap   total 181248K, used 45688K [0x0000000702600000, 0x0000000800000000)
  region size 1024K, 1 young (1024K), 1 survivors (1024K)
 Metaspace       used 8629K, capacity 8904K, committed 8960K, reserved 1056768K
  class space    used 852K, capacity 973K, committed 1024K, reserved 1048576K
}
Event: 54.266 GC heap before
{Heap before GC invocations=832 (full 0):
 garbage-first heap   total 181248K, used 74360K [0x0000000702600000, 0x0000000800000000)
  region size 1024K, 2 young (2048K), 1 survivors (1024K)
 Metaspace       used 8629K, capacity 8904K, committed 8960K, reserved 1056768K
  class space    used 852K, capacity 973K, committed 1024K, reserved 1048576K
}
Event: 54.267 GC heap after
{Heap after GC invocations=833 (full 0):
 garbage-first heap   total 181248K, used 45688K [0x0000000702600000, 0x0000000800000000)
  region size 1024K, 1 young (1024K), 1 survivors (1024K)
 Metaspace       used 8629K, capacity 8904K, committed 8960K, reserved 1056768K
  class space    used 852K, capacity 973K, committed 1024K, reserved 1048576K
}
Event: 54.400 GC heap before
{Heap before GC invocations=834 (full 0):
 garbage-first heap   total 181248K, used 74360K [0x0000000702600000, 0x0000000800000000)
  region size 1024K, 2 young (2048K), 1 survivors (1024K)
 Metaspace       used 8629K, capacity 8904K, committed 8960K, reserved 1056768K
  class space    used 852K, capacity 973K, committed 1024K, reserved 1048576K
}
Event: 54.401 GC heap after
{Heap after GC invocations=835 (full 0):
 garbage-first heap   total 181248K, used 45688K [0x0000000702600000, 0x0000000800000000)
  region size 1024K, 1 young (1024K), 1 survivors (1024K)
 Metaspace       used 8629K, capacity 8904K, committed 8960K, reserved 1056768K
  class space    used 852K, capacity 973K, committed 1024K, reserved 1048576K
}
Event: 54.533 GC heap before
{Heap before GC invocations=836 (full 0):
 garbage-first heap   total 181248K, used 74360K [0x0000000702600000, 0x0000000800000000)
  region size 1024K, 2 young (2048K), 1 survivors (1024K)
 Metaspace       used 8629K, capacity 8904K, committed 8960K, reserved 1056768K
  class space    used 852K, capacity 973K, committed 1024K, reserved 1048576K
}
Event: 54.534 GC heap after
{Heap after GC invocations=837 (full 0):
 garbage-first heap   total 181248K, used 45684K [0x0000000702600000, 0x0000000800000000)
  region size 1024K, 1 young (1024K), 1 survivors (1024K)
 Metaspace       used 8629K, capacity 8904K, committed 8960K, reserved 1056768K
  class space    used 852K, capacity 973K, committed 1024K, reserved 1048576K
}
Event: 54.667 GC heap before
{Heap before GC invocations=838 (full 0):
 garbage-first heap   total 181248K, used 74356K [0x0000000702600000, 0x0000000800000000)
  region size 1024K, 2 young (2048K), 1 survivors (1024K)
 Metaspace       used 8629K, capacity 8904K, committed 8960K, reserved 1056768K
  class space    used 852K, capacity 973K, committed 1024K, reserved 1048576K
}
Event: 54.667 GC heap after
{Heap after GC invocations=839 (full 0):
 garbage-first heap   total 181248K, used 45686K [0x0000000702600000, 0x0000000800000000)
  region size 1024K, 1 young (1024K), 1 survivors (1024K)
 Metaspace       used 8629K, capacity 8904K, committed 8960K, reserved 1056768K
  class space    used 852K, capacity 973K, committed 1024K, reserved 1048576K
}
Event: 54.800 GC heap before
{Heap before GC invocations=840 (full 0):
 garbage-first heap   total 181248K, used 75382K [0x0000000702600000, 0x0000000800000000)
  region size 1024K, 3 young (3072K), 1 survivors (1024K)
 Metaspace       used 8629K, capacity 8904K, committed 8960K, reserved 1056768K
  class space    used 852K, capacity 973K, committed 1024K, reserved 1048576K
}
Event: 54.801 GC heap after
{Heap after GC invocations=841 (full 0):
 garbage-first heap   total 181248K, used 45688K [0x0000000702600000, 0x0000000800000000)
  region size 1024K, 1 young (1024K), 1 survivors (1024K)
 Metaspace       used 8629K, capacity 8904K, committed 8960K, reserved 1056768K
  class space    used 852K, capacity 973K, committed 1024K, reserved 1048576K
}
Event: 54.933 GC heap before
{Heap before GC invocations=842 (full 0):
 garbage-first heap   total 181248K, used 75384K [0x0000000702600000, 0x0000000800000000)
  region size 1024K, 3 young (3072K), 1 survivors (1024K)
 Metaspace       used 8629K, capacity 8904K, committed 8960K, reserved 1056768K
  class space    used 852K, capacity 973K, committed 1024K, reserved 1048576K
}
Event: 54.934 GC heap after
{Heap after GC invocations=843 (full 0):
 garbage-first heap   total 181248K, used 45688K [0x0000000702600000, 0x0000000800000000)
  region size 1024K, 1 young (1024K), 1 survivors (1024K)
 Metaspace       used 8629K, capacity 8904K, committed 8960K, reserved 1056768K
  class space    used 852K, capacity 973K, committed 1024K, reserved 1048576K
}
Event: 55.067 GC heap before
{Heap before GC invocations=844 (full 0):
 garbage-first heap   total 181248K, used 74360K [0x0000000702600000, 0x0000000800000000)
  region size 1024K, 2 young (2048K), 1 survivors (1024K)
 Metaspace       used 8629K, capacity 8904K, committed 8960K, reserved 1056768K
  class space    used 852K, capacity 973K, committed 1024K, reserved 1048576K
}
Event: 55.067 GC heap after
{Heap after GC invocations=845 (full 0):
 garbage-first heap   total 181248K, used 45689K [0x0000000702600000, 0x0000000800000000)
  region size 1024K, 1 young (1024K), 1 survivors (1024K)
 Metaspace       used 8629K, capacity 8904K, committed 8960K, reserved 1056768K
  class space    used 852K, capacity 973K, committed 1024K, reserved 1048576K
}
Event: 55.200 GC heap before
{Heap before GC invocations=846 (full 0):
 garbage-first heap   total 181248K, used 75385K [0x0000000702600000, 0x0000000800000000)
  region size 1024K, 3 young (3072K), 1 survivors (1024K)
 Metaspace       used 8630K, capacity 8904K, committed 8960K, reserved 1056768K
  class space    used 852K, capacity 973K, committed 1024K, reserved 1048576K
}
Event: 55.200 GC heap after
{Heap after GC invocations=847 (full 0):
 garbage-first heap   total 181248K, used 45686K [0x0000000702600000, 0x0000000800000000)
  region size 1024K, 1 young (1024K), 1 survivors (1024K)
 Metaspace       used 8630K, capacity 8904K, committed 8960K, reserved 1056768K
  class space    used 852K, capacity 973K, committed 1024K, reserved 1048576K
}

Deoptimization events (20 events):
Event: 48.818 Thread 0x0000023479ea9800 Uncommon trap: trap_request=0xffffffbe fr.pc=0x000002345dfb2d60 relative=0x0000000000000b00
Event: 48.818 Thread 0x0000023479ea9800 Uncommon trap: reason=profile_predicate action=maybe_recompile pc=0x000002345dfb2d60 method=engine.GameObject.isColliding(Lengine/GameObject;)Z @ 200 c2
Event: 48.818 Thread 0x0000023479ea9800 DEOPT PACKING pc=0x000002345dfb2d60 sp=0x000000fe661fece0
Event: 48.818 Thread 0x0000023479ea9800 DEOPT UNPACKING pc=0x000002345644912f sp=0x000000fe661feca0 mode 2
Event: 48.818 Thread 0x0000023479ea9800 Uncommon trap: trap_request=0xffffffbe fr.pc=0x000002345dfb2d60 relative=0x0000000000000b00
Event: 48.818 Thread 0x0000023479ea9800 Uncommon trap: reason=profile_predicate action=maybe_recompile pc=0x000002345dfb2d60 method=engine.GameObject.isColliding(Lengine/GameObject;)Z @ 200 c2
Event: 48.818 Thread 0x0000023479ea9800 DEOPT PACKING pc=0x000002345dfb2d60 sp=0x000000fe661fece0
Event: 48.818 Thread 0x0000023479ea9800 DEOPT UNPACKING pc=0x000002345644912f sp=0x000000fe661feca0 mode 2
Event: 53.875 Thread 0x0000023479e50800 Uncommon trap: trap_request=0xffffff45 fr.pc=0x000002345dfc056c relative=0x00000000000000cc
Event: 53.875 Thread 0x0000023479e50800 Uncommon trap: reason=unstable_if action=reinterpret pc=0x000002345dfc056c method=java.awt.Component.inside(II)Z @ 13 c2
Event: 53.875 Thread 0x0000023479e50800 DEOPT PACKING pc=0x000002345dfc056c sp=0x000000fe660fe940
Event: 53.875 Thread 0x0000023479e50800 DEOPT UNPACKING pc=0x000002345644912f sp=0x000000fe660fe7e0 mode 2
Event: 55.210 Thread 0x000002344deea800 Uncommon trap: trap_request=0xffffff54 fr.pc=0x000002345df73ac8 relative=0x0000000000002848
Event: 55.210 Thread 0x000002344deea800 Uncommon trap: reason=speculate_null_assert action=make_not_entrant pc=0x000002345df73ac8 method=sun.java2d.SurfaceData.getSourceSurfaceData(Ljava/awt/Image;ILsun/java2d/loops/CompositeType;Ljava/awt/Color;)Lsun/java2d/SurfaceData; @ 45 c2
Event: 55.210 Thread 0x000002344deea800 DEOPT PACKING pc=0x000002345df73ac8 sp=0x000000fe64afee10
Event: 55.210 Thread 0x000002344deea800 DEOPT UNPACKING pc=0x000002345644912f sp=0x000000fe64afed98 mode 2
Event: 55.210 Thread 0x000002344deea800 Uncommon trap: trap_request=0xffffffde fr.pc=0x000002345dfaf970 relative=0x0000000000000510
Event: 55.210 Thread 0x000002344deea800 Uncommon trap: reason=class_check action=maybe_recompile pc=0x000002345dfaf970 method=sun.java2d.Disposer.add(Ljava/lang/Object;Lsun/java2d/DisposerRecord;)V @ 8 c2
Event: 55.210 Thread 0x000002344deea800 DEOPT PACKING pc=0x000002345dfaf970 sp=0x000000fe64afe240
Event: 55.210 Thread 0x000002344deea800 DEOPT UNPACKING pc=0x000002345644912f sp=0x000000fe64afe198 mode 2

Classes unloaded (0 events):
No events

Classes redefined (0 events):
No events

Internal exceptions (20 events):
Event: 1.524 Thread 0x0000023479ea9800 Exception <a 'java/lang/ArrayIndexOutOfBoundsException'{0x000000071b13e550}: Index 0 out of bounds for length 0> (0x000000071b13e550) 
thrown [t:/workspace/open/src/hotspot/share/interpreter/interpreterRuntime.cpp, line 458]
Event: 1.524 Thread 0x0000023479ea9800 Exception <a 'java/lang/ArrayIndexOutOfBoundsException'{0x000000071b13f600}: Index 0 out of bounds for length 0> (0x000000071b13f600) 
thrown [t:/workspace/open/src/hotspot/share/interpreter/interpreterRuntime.cpp, line 458]
Event: 1.524 Thread 0x0000023479ea9800 Exception <a 'java/lang/ArrayIndexOutOfBoundsException'{0x000000071b1405e0}: Index 0 out of bounds for length 0> (0x000000071b1405e0) 
thrown [t:/workspace/open/src/hotspot/share/interpreter/interpreterRuntime.cpp, line 458]
Event: 1.524 Thread 0x0000023479ea9800 Exception <a 'java/lang/ArrayIndexOutOfBoundsException'{0x000000071b1415c0}: Index 0 out of bounds for length 0> (0x000000071b1415c0) 
thrown [t:/workspace/open/src/hotspot/share/interpreter/interpreterRuntime.cpp, line 458]
Event: 1.525 Thread 0x0000023479ea9800 Exception <a 'java/lang/ArrayIndexOutOfBoundsException'{0x000000071b1425a0}: Index 0 out of bounds for length 0> (0x000000071b1425a0) 
thrown [t:/workspace/open/src/hotspot/share/interpreter/interpreterRuntime.cpp, line 458]
Event: 1.525 Thread 0x0000023479ea9800 Exception <a 'java/lang/ArrayIndexOutOfBoundsException'{0x000000071b143580}: Index 0 out of bounds for length 0> (0x000000071b143580) 
thrown [t:/workspace/open/src/hotspot/share/interpreter/interpreterRuntime.cpp, line 458]
Event: 1.525 Thread 0x0000023479ea9800 Exception <a 'java/lang/ArrayIndexOutOfBoundsException'{0x000000071b144560}: Index 0 out of bounds for length 0> (0x000000071b144560) 
thrown [t:/workspace/open/src/hotspot/share/interpreter/interpreterRuntime.cpp, line 458]
Event: 1.525 Thread 0x0000023479ea9800 Exception <a 'java/lang/ArrayIndexOutOfBoundsException'{0x000000071b145540}: Index 0 out of bounds for length 0> (0x000000071b145540) 
thrown [t:/workspace/open/src/hotspot/share/interpreter/interpreterRuntime.cpp, line 458]
Event: 1.525 Thread 0x0000023479ea9800 Exception <a 'java/lang/ArrayIndexOutOfBoundsException'{0x000000071b146650}: Index 0 out of bounds for length 0> (0x000000071b146650) 
thrown [t:/workspace/open/src/hotspot/share/interpreter/interpreterRuntime.cpp, line 458]
Event: 1.526 Thread 0x0000023479ea9800 Exception <a 'java/lang/ArrayIndexOutOfBoundsException'{0x000000071b147630}: Index 0 out of bounds for length 0> (0x000000071b147630) 
thrown [t:/workspace/open/src/hotspot/share/interpreter/interpreterRuntime.cpp, line 458]
Event: 1.527 Thread 0x0000023479ea9800 Exception <a 'java/lang/ClassCastException'{0x000000071b165040}: class java.lang.Integer cannot be cast to class java.lang.String (java.lang.Integer and java.lang.String are in module java.base of loader 'bootstrap')> (0x000000071b165040) 
thrown [t:/workspace/open/src/hotspot/share/interpreter/interpreterRuntime.cpp, line 474]
Event: 1.527 Thread 0x0000023479ea9800 Exception <a 'java/lang/ClassCastException'{0x000000071b1653d0}: class java.lang.Integer cannot be cast to class java.lang.String (java.lang.Integer and java.lang.String are in module java.base of loader 'bootstrap')> (0x000000071b1653d0) 
thrown [t:/workspace/open/src/hotspot/share/interpreter/interpreterRuntime.cpp, line 474]
Event: 1.528 Thread 0x0000023479ea9800 Exception <a 'java/lang/ArrayIndexOutOfBoundsException'{0x000000071b1660b0}: Index 0 out of bounds for length 0> (0x000000071b1660b0) 
thrown [t:/workspace/open/src/hotspot/share/interpreter/interpreterRuntime.cpp, line 458]
Event: 1.528 Thread 0x0000023479ea9800 Exception <a 'java/lang/ArrayIndexOutOfBoundsException'{0x000000071b166db0}: Index 0 out of bounds for length 0> (0x000000071b166db0) 
thrown [t:/workspace/open/src/hotspot/share/interpreter/interpreterRuntime.cpp, line 458]
Event: 1.528 Thread 0x0000023479ea9800 Exception <a 'java/lang/ArrayIndexOutOfBoundsException'{0x000000071b167a90}: Index 0 out of bounds for length 0> (0x000000071b167a90) 
thrown [t:/workspace/open/src/hotspot/share/interpreter/interpreterRuntime.cpp, line 458]
Event: 1.528 Thread 0x0000023479ea9800 Exception <a 'java/lang/ArrayIndexOutOfBoundsException'{0x000000071b168770}: Index 0 out of bounds for length 0> (0x000000071b168770) 
thrown [t:/workspace/open/src/hotspot/share/interpreter/interpreterRuntime.cpp, line 458]
Event: 1.528 Thread 0x0000023479ea9800 Exception <a 'java/lang/ArrayIndexOutOfBoundsException'{0x000000071b169450}: Index 0 out of bounds for length 0> (0x000000071b169450) 
thrown [t:/workspace/open/src/hotspot/share/interpreter/interpreterRuntime.cpp, line 458]
Event: 1.629 Thread 0x0000023479ea9800 Exception <a 'java/lang/NullPointerException'{0x000000071ae574a8}> (0x000000071ae574a8) 
thrown [t:/workspace/open/src/hotspot/share/interpreter/linkResolver.cpp, line 1349]
Event: 1.629 Thread 0x0000023479ea9800 Exception <a 'java/lang/NullPointerException'{0x000000071ae58708}> (0x000000071ae58708) 
thrown [t:/workspace/open/src/hotspot/share/interpreter/linkResolver.cpp, line 1349]
Event: 1.629 Thread 0x0000023479ea9800 Exception <a 'java/lang/NullPointerException'{0x000000071ae5b610}> (0x000000071ae5b610) 
thrown [t:/workspace/open/src/hotspot/share/interpreter/linkResolver.cpp, line 1349]

Events (20 events):
Event: 55.066 Executing VM operation: G1CollectForAllocation
Event: 55.067 Executing VM operation: G1CollectForAllocation done
Event: 55.071 Executing VM operation: G1Concurrent
Event: 55.072 Executing VM operation: G1Concurrent done
Event: 55.073 Executing VM operation: G1Concurrent
Event: 55.074 Executing VM operation: G1Concurrent done
Event: 55.191 Executing VM operation: RevokeBias
Event: 55.192 Executing VM operation: RevokeBias done
Event: 55.192 Thread 0x0000023472d7e000 Thread added: 0x0000023472d7e000
Event: 55.192 Thread 0x000002347d658800 Thread added: 0x000002347d658800
Event: 55.192 Thread 0x000002347d658800 Thread exited: 0x000002347d658800
Event: 55.193 Executing VM operation: RevokeBias
Event: 55.193 Executing VM operation: RevokeBias done
Event: 55.193 Thread 0x0000023479ec6000 Thread exited: 0x0000023479ec6000
Event: 55.200 Executing VM operation: G1CollectForAllocation
Event: 55.200 Executing VM operation: G1CollectForAllocation done
Event: 55.204 Executing VM operation: G1Concurrent
Event: 55.205 Executing VM operation: G1Concurrent done
Event: 55.206 Executing VM operation: G1Concurrent
Event: 55.206 Executing VM operation: G1Concurrent done


Dynamic libraries:
0x00007ff65dff0000 - 0x00007ff65dfff000 	C:\Program Files\Java\jdk-13.0.1\bin\javaw.exe
0x00007ff825230000 - 0x00007ff825428000 	C:\WINDOWS\SYSTEM32\ntdll.dll
0x00007ff8237f0000 - 0x00007ff8238ad000 	C:\WINDOWS\System32\KERNEL32.DLL
0x00007ff822eb0000 - 0x00007ff82317e000 	C:\WINDOWS\System32\KERNELBASE.dll
0x00007ff822a10000 - 0x00007ff822b10000 	C:\WINDOWS\System32\ucrtbase.dll
0x00007ff8197a0000 - 0x00007ff8197b5000 	C:\Program Files\Java\jdk-13.0.1\bin\VCRUNTIME140.dll
0x00007ff81e050000 - 0x00007ff81e068000 	C:\Program Files\Java\jdk-13.0.1\bin\jli.dll
0x00007ff823cd0000 - 0x00007ff823d7e000 	C:\WINDOWS\System32\ADVAPI32.dll
0x00007ff8233a0000 - 0x00007ff82343e000 	C:\WINDOWS\System32\msvcrt.dll
0x00007ff824130000 - 0x00007ff8241cc000 	C:\WINDOWS\System32\sechost.dll
0x00007ff824720000 - 0x00007ff824845000 	C:\WINDOWS\System32\RPCRT4.dll
0x00007ff823e50000 - 0x00007ff823ff0000 	C:\WINDOWS\System32\USER32.dll
0x00007ff822dc0000 - 0x00007ff822de2000 	C:\WINDOWS\System32\win32u.dll
0x00007ff804780000 - 0x00007ff804a1a000 	C:\WINDOWS\WinSxS\amd64_microsoft.windows.common-controls_6595b64144ccf1df_6.0.19041.1110_none_60b5254171f9507e\COMCTL32.dll
0x00007ff823c70000 - 0x00007ff823c9a000 	C:\WINDOWS\System32\GDI32.dll
0x00007ff823180000 - 0x00007ff82328b000 	C:\WINDOWS\System32\gdi32full.dll
0x00007ff822b10000 - 0x00007ff822bad000 	C:\WINDOWS\System32\msvcp_win.dll
0x00007ff8193d0000 - 0x00007ff8193da000 	C:\WINDOWS\SYSTEM32\VERSION.dll
0x00007ff823370000 - 0x00007ff8233a0000 	C:\WINDOWS\System32\IMM32.DLL
0x00007fffd6380000 - 0x00007fffd641b000 	C:\Program Files\Java\jdk-13.0.1\bin\msvcp140.dll
0x00007fffedf50000 - 0x00007fffeeab6000 	C:\Program Files\Java\jdk-13.0.1\bin\server\jvm.dll
0x00007ff8234f0000 - 0x00007ff8234f8000 	C:\WINDOWS\System32\PSAPI.DLL
0x00007ff814d10000 - 0x00007ff814d37000 	C:\WINDOWS\SYSTEM32\WINMM.dll
0x00007ffffc940000 - 0x00007ffffc949000 	C:\WINDOWS\SYSTEM32\WSOCK32.dll
0x00007ff823d80000 - 0x00007ff823deb000 	C:\WINDOWS\System32\WS2_32.dll
0x00007ff8211a0000 - 0x00007ff8211b2000 	C:\WINDOWS\SYSTEM32\kernel.appcore.dll
0x00007ffff0950000 - 0x00007ffff0960000 	C:\Program Files\Java\jdk-13.0.1\bin\verify.dll
0x00007ff8205c0000 - 0x00007ff8207a4000 	C:\WINDOWS\SYSTEM32\DBGHELP.DLL
0x00007ff803da0000 - 0x00007ff803dcc000 	C:\WINDOWS\SYSTEM32\dbgcore.DLL
0x00007ff822df0000 - 0x00007ff822e72000 	C:\WINDOWS\System32\bcryptPrimitives.dll
0x00007ffff0920000 - 0x00007ffff0946000 	C:\Program Files\Java\jdk-13.0.1\bin\java.dll
0x00007ffff0900000 - 0x00007ffff0917000 	C:\Program Files\Java\jdk-13.0.1\bin\zip.dll
0x00007ffff08f0000 - 0x00007ffff08fa000 	C:\Program Files\Java\jdk-13.0.1\bin\jimage.dll
0x00007ff8249d0000 - 0x00007ff825114000 	C:\WINDOWS\System32\SHELL32.dll
0x00007ff8209f0000 - 0x00007ff821184000 	C:\WINDOWS\SYSTEM32\windows.storage.dll
0x00007ff823910000 - 0x00007ff823c64000 	C:\WINDOWS\System32\combase.dll
0x00007ff8223b0000 - 0x00007ff8223e0000 	C:\WINDOWS\SYSTEM32\Wldp.dll
0x00007ff823440000 - 0x00007ff8234ed000 	C:\WINDOWS\System32\SHCORE.dll
0x00007ff823df0000 - 0x00007ff823e45000 	C:\WINDOWS\System32\shlwapi.dll
0x00007ff822890000 - 0x00007ff8228af000 	C:\WINDOWS\SYSTEM32\profapi.dll
0x00007fffd41a0000 - 0x00007fffd4339000 	C:\Program Files\Java\jdk-13.0.1\bin\awt.dll
0x00007ff825120000 - 0x00007ff8251ed000 	C:\WINDOWS\System32\OLEAUT32.dll
0x00007ff81ebf0000 - 0x00007ff81f1b0000 	C:\WINDOWS\SYSTEM32\d2d1.dll
0x00007ff81fd90000 - 0x00007ff81fe20000 	C:\WINDOWS\SYSTEM32\apphelp.dll
0x00007ff820180000 - 0x00007ff8201af000 	C:\WINDOWS\system32\DWMAPI.DLL
0x00007ff81ff70000 - 0x00007ff82000e000 	C:\WINDOWS\system32\uxtheme.dll
0x00007ff801510000 - 0x00007ff801637000 	C:\WINDOWS\system32\opengl32.dll
0x00007ff814ba0000 - 0x00007ff814bcc000 	C:\WINDOWS\SYSTEM32\GLU32.dll
0x00007ff8248b0000 - 0x00007ff8249c5000 	C:\WINDOWS\System32\MSCTF.dll
0x00007ff823500000 - 0x00007ff82362a000 	C:\WINDOWS\System32\ole32.dll
0x00007ff822540000 - 0x00007ff822552000 	C:\WINDOWS\SYSTEM32\msasn1.dll
0x00007ff818870000 - 0x00007ff8188a1000 	C:\WINDOWS\SYSTEM32\cryptnet.dll
0x00007ff822c60000 - 0x00007ff822db6000 	C:\WINDOWS\System32\CRYPT32.dll
0x00007ff818720000 - 0x00007ff818868000 	C:\WINDOWS\SYSTEM32\drvstore.dll
0x00007ff822700000 - 0x00007ff82272c000 	C:\WINDOWS\SYSTEM32\devobj.dll
0x00007ff8229c0000 - 0x00007ff822a0e000 	C:\WINDOWS\System32\cfgmgr32.dll
0x00007ff822320000 - 0x00007ff82232c000 	C:\WINDOWS\SYSTEM32\cryptbase.dll
0x00007ff822950000 - 0x00007ff8229b7000 	C:\WINDOWS\System32\WINTRUST.DLL
0x00007ff823ca0000 - 0x00007ff823cbd000 	C:\WINDOWS\System32\imagehlp.dll
0x00007ff822300000 - 0x00007ff822318000 	C:\WINDOWS\SYSTEM32\CRYPTSP.dll
0x00007ff8219e0000 - 0x00007ff821a14000 	C:\WINDOWS\system32\rsaenh.dll
0x00007ff822e80000 - 0x00007ff822ea7000 	C:\WINDOWS\System32\bcrypt.dll
0x00007fffb9b80000 - 0x00007fffb9e43000 	C:\WINDOWS\system32\nvspcap64.dll
0x00007ff821610000 - 0x00007ff821643000 	C:\WINDOWS\SYSTEM32\ntmarta.dll
0x00007ff8211c0000 - 0x00007ff8211e3000 	C:\WINDOWS\SYSTEM32\gpapi.dll
0x00007ff818ad0000 - 0x00007ff818b0b000 	C:\WINDOWS\SYSTEM32\dxcore.dll
0x00007ff80ed50000 - 0x00007ff80edd2000 	C:\Program Files\Java\jdk-13.0.1\bin\freetype.dll
0x00007ff80eca0000 - 0x00007ff80ed46000 	C:\Program Files\Java\jdk-13.0.1\bin\fontmanager.dll
0x00007ffffb640000 - 0x00007ffffb739000 	C:\WINDOWS\SYSTEM32\textinputframework.dll
0x00007ff81f3a0000 - 0x00007ff81f6fe000 	C:\WINDOWS\System32\CoreUIComponents.dll
0x00007ff81fa80000 - 0x00007ff81fb72000 	C:\WINDOWS\System32\CoreMessaging.dll
0x00007ff81e3c0000 - 0x00007ff81e514000 	C:\WINDOWS\SYSTEM32\wintypes.dll
0x00007ff81c730000 - 0x00007ff81c796000 	C:\WINDOWS\system32\Oleacc.dll
0x00007fffe9420000 - 0x00007fffe9439000 	C:\Program Files\Java\jdk-13.0.1\bin\net.dll
0x00007ff819a70000 - 0x00007ff819b7a000 	C:\WINDOWS\SYSTEM32\WINHTTP.dll
0x00007ff8220f0000 - 0x00007ff82215a000 	C:\WINDOWS\system32\mswsock.dll
0x00007fffe93e0000 - 0x00007fffe93f3000 	C:\Program Files\Java\jdk-13.0.1\bin\nio.dll

dbghelp: loaded successfully - version: 4.0.5 - missing functions: none
symbol engine: initialized successfully - sym options: 0x614 - pdb path: .;C:\Program Files\Java\jdk-13.0.1\bin;C:\WINDOWS\SYSTEM32;C:\WINDOWS\WinSxS\amd64_microsoft.windows.common-controls_6595b64144ccf1df_6.0.19041.1110_none_60b5254171f9507e;C:\Program Files\Java\jdk-13.0.1\bin\server;C:\WINDOWS\System32\DriverStore\FileRepository\nvhm.inf_amd64_4a2f8a62d5686839;C:\WINDOWS\System32\DriverStore\FileRepository\iigd_dch.inf_amd64_d60a3faa7932ec00

VM Arguments:
jvm_args: -Dfile.encoding=Cp1252 
java_command: engine.RenderLoop
java_class_path (initial): C:\Users\12242\eclipse-workspace\bombMaster\bin
Launcher Type: SUN_STANDARD

[Global flags]
     intx CICompilerCount                          = 4                                         {product} {ergonomic}
     uint ConcGCThreads                            = 2                                         {product} {ergonomic}
     uint G1ConcRefinementThreads                  = 8                                         {product} {ergonomic}
   size_t G1HeapRegionSize                         = 1048576                                   {product} {ergonomic}
    uintx GCDrainStackTargetSize                   = 64                                        {product} {ergonomic}
   size_t InitialHeapSize                          = 266338304                                 {product} {ergonomic}
   size_t MarkStackSize                            = 4194304                                   {product} {ergonomic}
   size_t MaxHeapSize                              = 4255121408                                {product} {ergonomic}
   size_t MaxNewSize                               = 2552233984                                {product} {ergonomic}
   size_t MinHeapDeltaBytes                        = 1048576                                   {product} {ergonomic}
   size_t MinHeapSize                              = 8388608                                   {product} {ergonomic}
    uintx NonNMethodCodeHeapSize                   = 5836300                                {pd product} {ergonomic}
    uintx NonProfiledCodeHeapSize                  = 122910970                              {pd product} {ergonomic}
    uintx ProfiledCodeHeapSize                     = 122910970                              {pd product} {ergonomic}
    uintx ReservedCodeCacheSize                    = 251658240                              {pd product} {ergonomic}
     bool SegmentedCodeCache                       = true                                      {product} {ergonomic}
   size_t SoftMaxHeapSize                          = 4255121408                             {manageable} {ergonomic}
     bool UseCompressedClassPointers               = true                                 {lp64_product} {ergonomic}
     bool UseCompressedOops                        = true                                 {lp64_product} {ergonomic}
     bool UseG1GC                                  = true                                      {product} {ergonomic}
     bool UseLargePagesIndividualAllocation        = false                                  {pd product} {ergonomic}

Logging:
Log output configuration:
 #0: stdout all=warning uptime,level,tags
 #1: stderr all=off uptime,level,tags

Environment Variables:
JAVA_HOME=C:\Program Files\Java\jdk-13.0.1
PATH=C:/Program Files/Java/jdk-13.0.1/bin/server;C:/Program Files/Java/jdk-13.0.1/bin;C:\Program Files (x86)\Common Files\Intel\Shared Libraries\redist\intel64\compiler;C:\windows\system32;C:\windows;C:\windows\System32\Wbem;C:\windows\System32\WindowsPowerShell\v1.0\;C:\windows\System32\OpenSSH\;C:\Program Files (x86)\NVIDIA Corporation\PhysX\Common;C:\WINDOWS\system32;C:\WINDOWS;C:\WINDOWS\System32\Wbem;C:\WINDOWS\System32\WindowsPowerShell\v1.0\;C:\WINDOWS\System32\OpenSSH\;C:\Program Files\Git\cmd;C:\Program Files\nodejs\;C:\Program Files\NVIDIA Corporation\NVIDIA NvDLISR;C:\Program Files\dotnet\;C:\Program Files\PuTTY\;C:\ProgramData\chocolatey\bin;C:\Program Files\Calibre2\;C:\Program Files\apache-maven-3.8.4\bin;C:\Program Files\MySQL\MySQL Shell 8.0\bin\;C:\Users\12242\scoop\shims;C:\Users\12242\AppData\Local\Microsoft\WindowsApps;C:\Users\12242\AppData\Roaming\npm;C:\Users\12242\AppData\Local\Programs\Microsoft VS Code\bin;C:\Program Files\Java\jdk-13.0.1\bin;C:\WINDOWS\System32;
USERNAME=12242
OS=Windows_NT
PROCESSOR_IDENTIFIER=Intel64 Family 6 Model 158 Stepping 10, GenuineIntel



---------------  S Y S T E M  ---------------

OS: Windows 10 , 64 bit Build 19041 (10.0.19041.1806)
HyperV virtualization detected

CPU:total 8 (initial active 8) (4 cores per cpu, 2 threads per core) family 6 model 158 stepping 10, cmov, cx8, fxsr, mmx, sse, sse2, sse3, ssse3, sse4.1, sse4.2, popcnt, avx, avx2, aes, clmul, erms, 3dnowpref, lzcnt, ht, tsc, tscinvbit, bmi1, bmi2, adx, fma

Memory: 4k page, system-wide physical 16225M (7757M free)
TotalPageFile size 26465M (AvailPageFile size 12703M)
current process WorkingSet (physical memory assigned to process): 235M, peak: 522M
current process commit charge ("private bytes"): 301M, peak: 1034M

vm_info: Java HotSpot(TM) 64-Bit Server VM (13.0.1+9) for windows-amd64 JRE (13.0.1+9), built on Oct  6 2019 12:37:49 by "mach5one" with unknown MS VC++:1916

END.
